#
# A fatal error has been detected by the Java Runtime Environment:
#
#  EXCEPTION_ACCESS_VIOLATION (0xc0000005) at pc=0x0000000052ea8df0, pid=18292, tid=7192
#
# JRE version: Java(TM) SE Runtime Environment (11.0.2+9) (build 11.0.2+9-LTS)
# Java VM: Java HotSpot(TM) 64-Bit Server VM (11.0.2+9-LTS, mixed mode, tiered, compressed oops, g1 gc, windows-amd64)
# Problematic frame:
# C  [nvoglv64.dll+0xea8df0]
#
# No core dump will be written. Minidumps are not enabled by default on client versions of Windows
#
# If you would like to submit a bug report, please visit:
#   http://bugreport.java.com/bugreport/crash.jsp
# The crash happened outside the Java Virtual Machine in native code.
# See problematic frame for where to report the bug.
#

---------------  S U M M A R Y ------------

Command Line: -javaagent:C:\Users\bwhet\AppData\Local\JetBrains\Toolbox\apps\IDEA-C\ch-0\183.5429.30\lib\idea_rt.jar=56972:C:\Users\bwhet\AppData\Local\JetBrains\Toolbox\apps\IDEA-C\ch-0\183.5429.30\bin -Dfile.encoding=UTF-8 com.bwh.lwjglengine.Main

Host: Intel(R) Core(TM) i5-4690K CPU @ 3.50GHz, 4 cores, 15G,  Windows 10 , 64 bit Build 17134 (10.0.17134.556)
Time: Sun Mar  3 20:00:14 2019 Eastern Standard Time elapsed time: 1 seconds (0d 0h 0m 1s)

---------------  T H R E A D  ---------------

Current thread (0x0000020d04899000):  JavaThread "main" [_thread_in_native, id=7192, stack(0x0000001ddb000000,0x0000001ddb100000)]

Stack: [0x0000001ddb000000,0x0000001ddb100000],  sp=0x0000001ddb0fed28,  free space=1019k
Native frames: (J=compiled Java code, j=interpreted, Vv=VM code, C=native code)
C  [nvoglv64.dll+0xea8df0]

Java frames: (J=compiled Java code, j=interpreted, Vv=VM code)
j  org.lwjgl.opengl.GL11C.glDrawArrays(III)V+0
j  org.lwjgl.opengl.GL11.glDrawArrays(III)V+3
j  com.bwh.lwjglengine.graphics.Mesh.render()V+28
j  com.bwh.lwjglengine.Main.render()V+40
j  com.bwh.lwjglengine.engine.GameEngine.loop()V+59
j  com.bwh.lwjglengine.engine.GameEngine.run()V+19
j  com.bwh.lwjglengine.engine.GameEngine.start()V+7
j  com.bwh.lwjglengine.Main.main([Ljava/lang/String;)V+9
v  ~StubRoutines::call_stub

siginfo: EXCEPTION_ACCESS_VIOLATION (0xc0000005), reading address 0x0000000000000000


Register to memory mapping:

RIP=0x0000000052ea8df0 nvoglv64.dll
RAX=0x0000000000000030 is an unknown value
RBX=0x0000020d29d8a098 points into unknown readable memory: 00 00 00 00 00 00 00 00
RCX=0x0000020d326de394 points into unknown readable memory: 00 00 00 00
RDX=0xfffffdf2cd921c6c is an unknown value
RSP=0x0000001ddb0fed28 is pointing into the stack for thread: 0x0000020d04899000
RBP=0x0000000000000001 is an unknown value
RSI=0x0000000000000003 is an unknown value
RDI=0x0000020d326de394 points into unknown readable memory: 00 00 00 00
R8 =0x0000000000000030 is an unknown value
R9 =0x0000000000000003 is an unknown value
R10=0x0 is NULL
R11=0x0000020d326de394 points into unknown readable memory: 00 00 00 00
R12=0x0 is NULL
R13=0x0000000052000000 nvoglv64.dll
R14=0x0 is NULL
R15=0x0000020d29d89e18 points into unknown readable memory: 04 00 00 00 00 00 00 00


Registers:
RAX=0x0000000000000030, RBX=0x0000020d29d8a098, RCX=0x0000020d326de394, RDX=0xfffffdf2cd921c6c
RSP=0x0000001ddb0fed28, RBP=0x0000000000000001, RSI=0x0000000000000003, RDI=0x0000020d326de394
R8 =0x0000000000000030, R9 =0x0000000000000003, R10=0x0000000000000000, R11=0x0000020d326de394
R12=0x0000000000000000, R13=0x0000000052000000, R14=0x0000000000000000, R15=0x0000020d29d89e18
RIP=0x0000000052ea8df0, EFLAGS=0x0000000000010283

Top of Stack: (sp=0x0000001ddb0fed28)
0x0000001ddb0fed28:   00000000529a9dea 0000020d0cbc9e67
0x0000001ddb0fed38:   0000000000000140 0000020d04899000
0x0000001ddb0fed48:   000000005281d45b 0000020d04899000
0x0000001ddb0fed58:   0000000000000003 0000000000000000
0x0000001ddb0fed68:   000000000002010b 0000020d29d89e18
0x0000001ddb0fed78:   00000000529aabd2 0000020d29d89080
0x0000001ddb0fed88:   0000000000000004 0000000000000000
0x0000001ddb0fed98:   0000020d0cbcef00 0000020d04899000
0x0000001ddb0feda8:   0000001ddb0fee88 0000020d3599c850
0x0000001ddb0fedb8:   0000000000000000 0000020d0cbc9e67
0x0000001ddb0fedc8:   0000020d0cbcf0b7 0000020d3599c858
0x0000001ddb0fedd8:   0000001ddb0fee58 0000000000000140
0x0000001ddb0fede8:   0000020d3599c858 0000000000000003
0x0000001ddb0fedf8:   00007ffad41e910f 0000000000000140
0x0000001ddb0fee08:   0000020d0cbced56 0000001ddb0fee10
0x0000001ddb0fee18:   0000020d3599c850 0000001ddb0fee88 

Instructions: (pc=0x0000000052ea8df0)
0x0000000052ea8dd0:   29 41 c0 0f 29 49 d0 0f 10 44 0a e0 0f 10 4c 0a
0x0000000052ea8de0:   f0 75 ad 0f 29 41 e0 49 83 e0 7f 0f 28 c1 eb 0c
0x0000000052ea8df0:   0f 10 04 0a 48 83 c1 10 49 83 e8 10 4d 8b c8 49
0x0000000052ea8e00:   c1 e9 04 74 1c 66 66 66 0f 1f 84 00 00 00 00 00 


Stack slot to memory mapping:
stack at sp + 0 slots: 0x00000000529a9dea nvoglv64.dll
stack at sp + 1 slots: 0x0000020d0cbc9e67 is at code_begin+2343 in an Interpreter codelet
invoke return entry points  [0x0000020d0cbc9540, 0x0000020d0cbc9f40]  2560 bytes
stack at sp + 2 slots: 0x0000000000000140 is an unknown value
stack at sp + 3 slots: 0x0000020d04899000 is a thread
stack at sp + 4 slots: 0x000000005281d45b nvoglv64.dll
stack at sp + 5 slots: 0x0000020d04899000 is a thread
stack at sp + 6 slots: 0x0000000000000003 is an unknown value
stack at sp + 7 slots: 0x0 is NULL


---------------  P R O C E S S  ---------------

Threads class SMR info:
_java_thread_list=0x0000020d2849b0d0, length=11, elements={
0x0000020d04899000, 0x0000020d2787b000, 0x0000020d2812a800, 0x0000020d28135800,
0x0000020d28137800, 0x0000020d28139000, 0x0000020d2813e800, 0x0000020d28141800,
0x0000020d28121000, 0x0000020d28690800, 0x0000020d2869a000
}

Java Threads: ( => current thread )
=>0x0000020d04899000 JavaThread "main" [_thread_in_native, id=7192, stack(0x0000001ddb000000,0x0000001ddb100000)]
  0x0000020d2787b000 JavaThread "Reference Handler" daemon [_thread_blocked, id=7440, stack(0x0000001ddb700000,0x0000001ddb800000)]
  0x0000020d2812a800 JavaThread "Finalizer" daemon [_thread_blocked, id=16452, stack(0x0000001ddb800000,0x0000001ddb900000)]
  0x0000020d28135800 JavaThread "Signal Dispatcher" daemon [_thread_blocked, id=17584, stack(0x0000001ddb900000,0x0000001ddba00000)]
  0x0000020d28137800 JavaThread "Attach Listener" daemon [_thread_blocked, id=9308, stack(0x0000001ddba00000,0x0000001ddbb00000)]
  0x0000020d28139000 JavaThread "C2 CompilerThread0" daemon [_thread_blocked, id=17768, stack(0x0000001ddbb00000,0x0000001ddbc00000)]
  0x0000020d2813e800 JavaThread "C1 CompilerThread0" daemon [_thread_blocked, id=12644, stack(0x0000001ddbc00000,0x0000001ddbd00000)]
  0x0000020d28141800 JavaThread "Sweeper thread" daemon [_thread_blocked, id=16976, stack(0x0000001ddbd00000,0x0000001ddbe00000)]
  0x0000020d28121000 JavaThread "Common-Cleaner" daemon [_thread_blocked, id=7292, stack(0x0000001ddbe00000,0x0000001ddbf00000)]
  0x0000020d28690800 JavaThread "Monitor Ctrl-Break" daemon [_thread_in_native, id=15068, stack(0x0000001ddbf00000,0x0000001ddc000000)]
  0x0000020d2869a000 JavaThread "Service Thread" daemon [_thread_blocked, id=9996, stack(0x0000001ddc000000,0x0000001ddc100000)]

Other Threads:
  0x0000020d27875000 VMThread "VM Thread" [stack: 0x0000001ddb600000,0x0000001ddb700000] [id=14368]
  0x0000020d2869b800 WatcherThread [stack: 0x0000001ddc100000,0x0000001ddc200000] [id=5404]
  0x0000020d048b0000 GCTaskThread "GC Thread#0" [stack: 0x0000001ddb100000,0x0000001ddb200000] [id=17148]
  0x0000020d32cce800 GCTaskThread "GC Thread#1" [stack: 0x0000001ddc800000,0x0000001ddc900000] [id=8676]
  0x0000020d32cff000 GCTaskThread "GC Thread#2" [stack: 0x0000001ddc900000,0x0000001ddca00000] [id=12212]
  0x0000020d3286f800 GCTaskThread "GC Thread#3" [stack: 0x0000001ddca00000,0x0000001ddcb00000] [id=16028]
  0x0000020d0490e000 ConcurrentGCThread "G1 Main Marker" [stack: 0x0000001ddb200000,0x0000001ddb300000] [id=15964]
  0x0000020d0490f800 ConcurrentGCThread "G1 Conc#0" [stack: 0x0000001ddb300000,0x0000001ddb400000] [id=16992]
  0x0000020d27757800 ConcurrentGCThread "G1 Refine#0" [stack: 0x0000001ddb400000,0x0000001ddb500000] [id=8860]
  0x0000020d27758800 ConcurrentGCThread "G1 Young RemSet Sampling" [stack: 0x0000001ddb500000,0x0000001ddb600000] [id=1724]

Threads with active compile tasks:

VM state:not at safepoint (normal execution)

VM Mutex/Monitor currently owned by a thread: None

Heap address: 0x0000000700e00000, size: 4082 MB, Compressed Oops mode: Zero based, Oop shift amount: 3
Narrow klass base: 0x0000000800000000, Narrow klass shift: 0
Compressed class space size: 1073741824 Address: 0x0000000800000000

Heap:
 garbage-first heap   total 262144K, used 6660K [0x0000000700e00000, 0x0000000800000000)
  region size 1024K, 7 young (7168K), 2 survivors (2048K)
 Metaspace       used 13413K, capacity 13650K, committed 13952K, reserved 1062912K
  class space    used 977K, capacity 1041K, committed 1152K, reserved 1048576K
Heap Regions: E=young(eden), S=young(survivor), O=old, HS=humongous(starts), HC=humongous(continues), CS=collection set, F=free, A=archive, TAMS=top-at-mark-start (previous, next)
|   0|0x0000000700e00000, 0x0000000700e81200, 0x0000000700f00000| 50%| O|  |TAMS 0x0000000700e00000, 0x0000000700e00000| Untracked 
|   1|0x0000000700f00000, 0x0000000700f00000, 0x0000000701000000|  0%| F|  |TAMS 0x0000000700f00000, 0x0000000700f00000| Untracked 
|   2|0x0000000701000000, 0x0000000701000000, 0x0000000701100000|  0%| F|  |TAMS 0x0000000701000000, 0x0000000701000000| Untracked 
|   3|0x0000000701100000, 0x0000000701100000, 0x0000000701200000|  0%| F|  |TAMS 0x0000000701100000, 0x0000000701100000| Untracked 
|   4|0x0000000701200000, 0x0000000701200000, 0x0000000701300000|  0%| F|  |TAMS 0x0000000701200000, 0x0000000701200000| Untracked 
|   5|0x0000000701300000, 0x0000000701300000, 0x0000000701400000|  0%| F|  |TAMS 0x0000000701300000, 0x0000000701300000| Untracked 
|   6|0x0000000701400000, 0x0000000701400000, 0x0000000701500000|  0%| F|  |TAMS 0x0000000701400000, 0x0000000701400000| Untracked 
|   7|0x0000000701500000, 0x0000000701500000, 0x0000000701600000|  0%| F|  |TAMS 0x0000000701500000, 0x0000000701500000| Untracked 
|   8|0x0000000701600000, 0x0000000701600000, 0x0000000701700000|  0%| F|  |TAMS 0x0000000701600000, 0x0000000701600000| Untracked 
|   9|0x0000000701700000, 0x0000000701700000, 0x0000000701800000|  0%| F|  |TAMS 0x0000000701700000, 0x0000000701700000| Untracked 
|  10|0x0000000701800000, 0x0000000701800000, 0x0000000701900000|  0%| F|  |TAMS 0x0000000701800000, 0x0000000701800000| Untracked 
|  11|0x0000000701900000, 0x0000000701900000, 0x0000000701a00000|  0%| F|  |TAMS 0x0000000701900000, 0x0000000701900000| Untracked 
|  12|0x0000000701a00000, 0x0000000701a00000, 0x0000000701b00000|  0%| F|  |TAMS 0x0000000701a00000, 0x0000000701a00000| Untracked 
|  13|0x0000000701b00000, 0x0000000701b00000, 0x0000000701c00000|  0%| F|  |TAMS 0x0000000701b00000, 0x0000000701b00000| Untracked 
|  14|0x0000000701c00000, 0x0000000701c00000, 0x0000000701d00000|  0%| F|  |TAMS 0x0000000701c00000, 0x0000000701c00000| Untracked 
|  15|0x0000000701d00000, 0x0000000701d00000, 0x0000000701e00000|  0%| F|  |TAMS 0x0000000701d00000, 0x0000000701d00000| Untracked 
|  16|0x0000000701e00000, 0x0000000701e00000, 0x0000000701f00000|  0%| F|  |TAMS 0x0000000701e00000, 0x0000000701e00000| Untracked 
|  17|0x0000000701f00000, 0x0000000701f00000, 0x0000000702000000|  0%| F|  |TAMS 0x0000000701f00000, 0x0000000701f00000| Untracked 
|  18|0x0000000702000000, 0x0000000702000000, 0x0000000702100000|  0%| F|  |TAMS 0x0000000702000000, 0x0000000702000000| Untracked 
|  19|0x0000000702100000, 0x0000000702100000, 0x0000000702200000|  0%| F|  |TAMS 0x0000000702100000, 0x0000000702100000| Untracked 
|  20|0x0000000702200000, 0x0000000702200000, 0x0000000702300000|  0%| F|  |TAMS 0x0000000702200000, 0x0000000702200000| Untracked 
|  21|0x0000000702300000, 0x0000000702300000, 0x0000000702400000|  0%| F|  |TAMS 0x0000000702300000, 0x0000000702300000| Untracked 
|  22|0x0000000702400000, 0x0000000702400000, 0x0000000702500000|  0%| F|  |TAMS 0x0000000702400000, 0x0000000702400000| Untracked 
|  23|0x0000000702500000, 0x0000000702500000, 0x0000000702600000|  0%| F|  |TAMS 0x0000000702500000, 0x0000000702500000| Untracked 
|  24|0x0000000702600000, 0x0000000702600000, 0x0000000702700000|  0%| F|  |TAMS 0x0000000702600000, 0x0000000702600000| Untracked 
|  25|0x0000000702700000, 0x0000000702700000, 0x0000000702800000|  0%| F|  |TAMS 0x0000000702700000, 0x0000000702700000| Untracked 
|  26|0x0000000702800000, 0x0000000702800000, 0x0000000702900000|  0%| F|  |TAMS 0x0000000702800000, 0x0000000702800000| Untracked 
|  27|0x0000000702900000, 0x0000000702900000, 0x0000000702a00000|  0%| F|  |TAMS 0x0000000702900000, 0x0000000702900000| Untracked 
|  28|0x0000000702a00000, 0x0000000702a00000, 0x0000000702b00000|  0%| F|  |TAMS 0x0000000702a00000, 0x0000000702a00000| Untracked 
|  29|0x0000000702b00000, 0x0000000702b00000, 0x0000000702c00000|  0%| F|  |TAMS 0x0000000702b00000, 0x0000000702b00000| Untracked 
|  30|0x0000000702c00000, 0x0000000702c00000, 0x0000000702d00000|  0%| F|  |TAMS 0x0000000702c00000, 0x0000000702c00000| Untracked 
|  31|0x0000000702d00000, 0x0000000702d00000, 0x0000000702e00000|  0%| F|  |TAMS 0x0000000702d00000, 0x0000000702d00000| Untracked 
|  32|0x0000000702e00000, 0x0000000702e00000, 0x0000000702f00000|  0%| F|  |TAMS 0x0000000702e00000, 0x0000000702e00000| Untracked 
|  33|0x0000000702f00000, 0x0000000702f00000, 0x0000000703000000|  0%| F|  |TAMS 0x0000000702f00000, 0x0000000702f00000| Untracked 
|  34|0x0000000703000000, 0x0000000703000000, 0x0000000703100000|  0%| F|  |TAMS 0x0000000703000000, 0x0000000703000000| Untracked 
|  35|0x0000000703100000, 0x0000000703100000, 0x0000000703200000|  0%| F|  |TAMS 0x0000000703100000, 0x0000000703100000| Untracked 
|  36|0x0000000703200000, 0x0000000703200000, 0x0000000703300000|  0%| F|  |TAMS 0x0000000703200000, 0x0000000703200000| Untracked 
|  37|0x0000000703300000, 0x0000000703300000, 0x0000000703400000|  0%| F|  |TAMS 0x0000000703300000, 0x0000000703300000| Untracked 
|  38|0x0000000703400000, 0x0000000703400000, 0x0000000703500000|  0%| F|  |TAMS 0x0000000703400000, 0x0000000703400000| Untracked 
|  39|0x0000000703500000, 0x0000000703500000, 0x0000000703600000|  0%| F|  |TAMS 0x0000000703500000, 0x0000000703500000| Untracked 
|  40|0x0000000703600000, 0x0000000703600000, 0x0000000703700000|  0%| F|  |TAMS 0x0000000703600000, 0x0000000703600000| Untracked 
|  41|0x0000000703700000, 0x0000000703700000, 0x0000000703800000|  0%| F|  |TAMS 0x0000000703700000, 0x0000000703700000| Untracked 
|  42|0x0000000703800000, 0x0000000703800000, 0x0000000703900000|  0%| F|  |TAMS 0x0000000703800000, 0x0000000703800000| Untracked 
|  43|0x0000000703900000, 0x0000000703900000, 0x0000000703a00000|  0%| F|  |TAMS 0x0000000703900000, 0x0000000703900000| Untracked 
|  44|0x0000000703a00000, 0x0000000703a00000, 0x0000000703b00000|  0%| F|  |TAMS 0x0000000703a00000, 0x0000000703a00000| Untracked 
|  45|0x0000000703b00000, 0x0000000703b00000, 0x0000000703c00000|  0%| F|  |TAMS 0x0000000703b00000, 0x0000000703b00000| Untracked 
|  46|0x0000000703c00000, 0x0000000703c00000, 0x0000000703d00000|  0%| F|  |TAMS 0x0000000703c00000, 0x0000000703c00000| Untracked 
|  47|0x0000000703d00000, 0x0000000703d00000, 0x0000000703e00000|  0%| F|  |TAMS 0x0000000703d00000, 0x0000000703d00000| Untracked 
|  48|0x0000000703e00000, 0x0000000703e00000, 0x0000000703f00000|  0%| F|  |TAMS 0x0000000703e00000, 0x0000000703e00000| Untracked 
|  49|0x0000000703f00000, 0x0000000703f00000, 0x0000000704000000|  0%| F|  |TAMS 0x0000000703f00000, 0x0000000703f00000| Untracked 
|  50|0x0000000704000000, 0x0000000704000000, 0x0000000704100000|  0%| F|  |TAMS 0x0000000704000000, 0x0000000704000000| Untracked 
|  51|0x0000000704100000, 0x0000000704100000, 0x0000000704200000|  0%| F|  |TAMS 0x0000000704100000, 0x0000000704100000| Untracked 
|  52|0x0000000704200000, 0x0000000704200000, 0x0000000704300000|  0%| F|  |TAMS 0x0000000704200000, 0x0000000704200000| Untracked 
|  53|0x0000000704300000, 0x0000000704300000, 0x0000000704400000|  0%| F|  |TAMS 0x0000000704300000, 0x0000000704300000| Untracked 
|  54|0x0000000704400000, 0x0000000704400000, 0x0000000704500000|  0%| F|  |TAMS 0x0000000704400000, 0x0000000704400000| Untracked 
|  55|0x0000000704500000, 0x0000000704500000, 0x0000000704600000|  0%| F|  |TAMS 0x0000000704500000, 0x0000000704500000| Untracked 
|  56|0x0000000704600000, 0x0000000704600000, 0x0000000704700000|  0%| F|  |TAMS 0x0000000704600000, 0x0000000704600000| Untracked 
|  57|0x0000000704700000, 0x0000000704700000, 0x0000000704800000|  0%| F|  |TAMS 0x0000000704700000, 0x0000000704700000| Untracked 
|  58|0x0000000704800000, 0x0000000704800000, 0x0000000704900000|  0%| F|  |TAMS 0x0000000704800000, 0x0000000704800000| Untracked 
|  59|0x0000000704900000, 0x0000000704900000, 0x0000000704a00000|  0%| F|  |TAMS 0x0000000704900000, 0x0000000704900000| Untracked 
|  60|0x0000000704a00000, 0x0000000704a00000, 0x0000000704b00000|  0%| F|  |TAMS 0x0000000704a00000, 0x0000000704a00000| Untracked 
|  61|0x0000000704b00000, 0x0000000704b00000, 0x0000000704c00000|  0%| F|  |TAMS 0x0000000704b00000, 0x0000000704b00000| Untracked 
|  62|0x0000000704c00000, 0x0000000704c00000, 0x0000000704d00000|  0%| F|  |TAMS 0x0000000704c00000, 0x0000000704c00000| Untracked 
|  63|0x0000000704d00000, 0x0000000704d00000, 0x0000000704e00000|  0%| F|  |TAMS 0x0000000704d00000, 0x0000000704d00000| Untracked 
|  64|0x0000000704e00000, 0x0000000704e00000, 0x0000000704f00000|  0%| F|  |TAMS 0x0000000704e00000, 0x0000000704e00000| Untracked 
|  65|0x0000000704f00000, 0x0000000704f00000, 0x0000000705000000|  0%| F|  |TAMS 0x0000000704f00000, 0x0000000704f00000| Untracked 
|  66|0x0000000705000000, 0x0000000705000000, 0x0000000705100000|  0%| F|  |TAMS 0x0000000705000000, 0x0000000705000000| Untracked 
|  67|0x0000000705100000, 0x0000000705100000, 0x0000000705200000|  0%| F|  |TAMS 0x0000000705100000, 0x0000000705100000| Untracked 
|  68|0x0000000705200000, 0x0000000705200000, 0x0000000705300000|  0%| F|  |TAMS 0x0000000705200000, 0x0000000705200000| Untracked 
|  69|0x0000000705300000, 0x0000000705300000, 0x0000000705400000|  0%| F|  |TAMS 0x0000000705300000, 0x0000000705300000| Untracked 
|  70|0x0000000705400000, 0x0000000705400000, 0x0000000705500000|  0%| F|  |TAMS 0x0000000705400000, 0x0000000705400000| Untracked 
|  71|0x0000000705500000, 0x0000000705500000, 0x0000000705600000|  0%| F|  |TAMS 0x0000000705500000, 0x0000000705500000| Untracked 
|  72|0x0000000705600000, 0x0000000705600000, 0x0000000705700000|  0%| F|  |TAMS 0x0000000705600000, 0x0000000705600000| Untracked 
|  73|0x0000000705700000, 0x0000000705700000, 0x0000000705800000|  0%| F|  |TAMS 0x0000000705700000, 0x0000000705700000| Untracked 
|  74|0x0000000705800000, 0x0000000705800000, 0x0000000705900000|  0%| F|  |TAMS 0x0000000705800000, 0x0000000705800000| Untracked 
|  75|0x0000000705900000, 0x0000000705900000, 0x0000000705a00000|  0%| F|  |TAMS 0x0000000705900000, 0x0000000705900000| Untracked 
|  76|0x0000000705a00000, 0x0000000705a00000, 0x0000000705b00000|  0%| F|  |TAMS 0x0000000705a00000, 0x0000000705a00000| Untracked 
|  77|0x0000000705b00000, 0x0000000705b00000, 0x0000000705c00000|  0%| F|  |TAMS 0x0000000705b00000, 0x0000000705b00000| Untracked 
|  78|0x0000000705c00000, 0x0000000705c00000, 0x0000000705d00000|  0%| F|  |TAMS 0x0000000705c00000, 0x0000000705c00000| Untracked 
|  79|0x0000000705d00000, 0x0000000705d00000, 0x0000000705e00000|  0%| F|  |TAMS 0x0000000705d00000, 0x0000000705d00000| Untracked 
|  80|0x0000000705e00000, 0x0000000705e00000, 0x0000000705f00000|  0%| F|  |TAMS 0x0000000705e00000, 0x0000000705e00000| Untracked 
|  81|0x0000000705f00000, 0x0000000705f00000, 0x0000000706000000|  0%| F|  |TAMS 0x0000000705f00000, 0x0000000705f00000| Untracked 
|  82|0x0000000706000000, 0x0000000706000000, 0x0000000706100000|  0%| F|  |TAMS 0x0000000706000000, 0x0000000706000000| Untracked 
|  83|0x0000000706100000, 0x0000000706100000, 0x0000000706200000|  0%| F|  |TAMS 0x0000000706100000, 0x0000000706100000| Untracked 
|  84|0x0000000706200000, 0x0000000706200000, 0x0000000706300000|  0%| F|  |TAMS 0x0000000706200000, 0x0000000706200000| Untracked 
|  85|0x0000000706300000, 0x0000000706300000, 0x0000000706400000|  0%| F|  |TAMS 0x0000000706300000, 0x0000000706300000| Untracked 
|  86|0x0000000706400000, 0x0000000706400000, 0x0000000706500000|  0%| F|  |TAMS 0x0000000706400000, 0x0000000706400000| Untracked 
|  87|0x0000000706500000, 0x0000000706500000, 0x0000000706600000|  0%| F|  |TAMS 0x0000000706500000, 0x0000000706500000| Untracked 
|  88|0x0000000706600000, 0x0000000706600000, 0x0000000706700000|  0%| F|  |TAMS 0x0000000706600000, 0x0000000706600000| Untracked 
|  89|0x0000000706700000, 0x0000000706700000, 0x0000000706800000|  0%| F|  |TAMS 0x0000000706700000, 0x0000000706700000| Untracked 
|  90|0x0000000706800000, 0x0000000706800000, 0x0000000706900000|  0%| F|  |TAMS 0x0000000706800000, 0x0000000706800000| Untracked 
|  91|0x0000000706900000, 0x0000000706900000, 0x0000000706a00000|  0%| F|  |TAMS 0x0000000706900000, 0x0000000706900000| Untracked 
|  92|0x0000000706a00000, 0x0000000706a00000, 0x0000000706b00000|  0%| F|  |TAMS 0x0000000706a00000, 0x0000000706a00000| Untracked 
|  93|0x0000000706b00000, 0x0000000706b00000, 0x0000000706c00000|  0%| F|  |TAMS 0x0000000706b00000, 0x0000000706b00000| Untracked 
|  94|0x0000000706c00000, 0x0000000706c00000, 0x0000000706d00000|  0%| F|  |TAMS 0x0000000706c00000, 0x0000000706c00000| Untracked 
|  95|0x0000000706d00000, 0x0000000706d00000, 0x0000000706e00000|  0%| F|  |TAMS 0x0000000706d00000, 0x0000000706d00000| Untracked 
|  96|0x0000000706e00000, 0x0000000706e00000, 0x0000000706f00000|  0%| F|  |TAMS 0x0000000706e00000, 0x0000000706e00000| Untracked 
|  97|0x0000000706f00000, 0x0000000706f00000, 0x0000000707000000|  0%| F|  |TAMS 0x0000000706f00000, 0x0000000706f00000| Untracked 
|  98|0x0000000707000000, 0x0000000707000000, 0x0000000707100000|  0%| F|  |TAMS 0x0000000707000000, 0x0000000707000000| Untracked 
|  99|0x0000000707100000, 0x0000000707100000, 0x0000000707200000|  0%| F|  |TAMS 0x0000000707100000, 0x0000000707100000| Untracked 
| 100|0x0000000707200000, 0x0000000707200000, 0x0000000707300000|  0%| F|  |TAMS 0x0000000707200000, 0x0000000707200000| Untracked 
| 101|0x0000000707300000, 0x0000000707300000, 0x0000000707400000|  0%| F|  |TAMS 0x0000000707300000, 0x0000000707300000| Untracked 
| 102|0x0000000707400000, 0x0000000707400000, 0x0000000707500000|  0%| F|  |TAMS 0x0000000707400000, 0x0000000707400000| Untracked 
| 103|0x0000000707500000, 0x0000000707500000, 0x0000000707600000|  0%| F|  |TAMS 0x0000000707500000, 0x0000000707500000| Untracked 
| 104|0x0000000707600000, 0x0000000707600000, 0x0000000707700000|  0%| F|  |TAMS 0x0000000707600000, 0x0000000707600000| Untracked 
| 105|0x0000000707700000, 0x0000000707700000, 0x0000000707800000|  0%| F|  |TAMS 0x0000000707700000, 0x0000000707700000| Untracked 
| 106|0x0000000707800000, 0x0000000707800000, 0x0000000707900000|  0%| F|  |TAMS 0x0000000707800000, 0x0000000707800000| Untracked 
| 107|0x0000000707900000, 0x0000000707900000, 0x0000000707a00000|  0%| F|  |TAMS 0x0000000707900000, 0x0000000707900000| Untracked 
| 108|0x0000000707a00000, 0x0000000707a00000, 0x0000000707b00000|  0%| F|  |TAMS 0x0000000707a00000, 0x0000000707a00000| Untracked 
| 109|0x0000000707b00000, 0x0000000707b00000, 0x0000000707c00000|  0%| F|  |TAMS 0x0000000707b00000, 0x0000000707b00000| Untracked 
| 110|0x0000000707c00000, 0x0000000707c00000, 0x0000000707d00000|  0%| F|  |TAMS 0x0000000707c00000, 0x0000000707c00000| Untracked 
| 111|0x0000000707d00000, 0x0000000707d00000, 0x0000000707e00000|  0%| F|  |TAMS 0x0000000707d00000, 0x0000000707d00000| Untracked 
| 112|0x0000000707e00000, 0x0000000707e00000, 0x0000000707f00000|  0%| F|  |TAMS 0x0000000707e00000, 0x0000000707e00000| Untracked 
| 113|0x0000000707f00000, 0x0000000707f00000, 0x0000000708000000|  0%| F|  |TAMS 0x0000000707f00000, 0x0000000707f00000| Untracked 
| 114|0x0000000708000000, 0x0000000708000000, 0x0000000708100000|  0%| F|  |TAMS 0x0000000708000000, 0x0000000708000000| Untracked 
| 115|0x0000000708100000, 0x0000000708100000, 0x0000000708200000|  0%| F|  |TAMS 0x0000000708100000, 0x0000000708100000| Untracked 
| 116|0x0000000708200000, 0x0000000708200000, 0x0000000708300000|  0%| F|  |TAMS 0x0000000708200000, 0x0000000708200000| Untracked 
| 117|0x0000000708300000, 0x0000000708300000, 0x0000000708400000|  0%| F|  |TAMS 0x0000000708300000, 0x0000000708300000| Untracked 
| 118|0x0000000708400000, 0x0000000708400000, 0x0000000708500000|  0%| F|  |TAMS 0x0000000708400000, 0x0000000708400000| Untracked 
| 119|0x0000000708500000, 0x0000000708500000, 0x0000000708600000|  0%| F|  |TAMS 0x0000000708500000, 0x0000000708500000| Untracked 
| 120|0x0000000708600000, 0x0000000708600000, 0x0000000708700000|  0%| F|  |TAMS 0x0000000708600000, 0x0000000708600000| Untracked 
| 121|0x0000000708700000, 0x0000000708700000, 0x0000000708800000|  0%| F|  |TAMS 0x0000000708700000, 0x0000000708700000| Untracked 
| 122|0x0000000708800000, 0x0000000708800000, 0x0000000708900000|  0%| F|  |TAMS 0x0000000708800000, 0x0000000708800000| Untracked 
| 123|0x0000000708900000, 0x0000000708900000, 0x0000000708a00000|  0%| F|  |TAMS 0x0000000708900000, 0x0000000708900000| Untracked 
| 124|0x0000000708a00000, 0x0000000708a00000, 0x0000000708b00000|  0%| F|  |TAMS 0x0000000708a00000, 0x0000000708a00000| Untracked 
| 125|0x0000000708b00000, 0x0000000708b00000, 0x0000000708c00000|  0%| F|  |TAMS 0x0000000708b00000, 0x0000000708b00000| Untracked 
| 126|0x0000000708c00000, 0x0000000708c00000, 0x0000000708d00000|  0%| F|  |TAMS 0x0000000708c00000, 0x0000000708c00000| Untracked 
| 127|0x0000000708d00000, 0x0000000708d00000, 0x0000000708e00000|  0%| F|  |TAMS 0x0000000708d00000, 0x0000000708d00000| Untracked 
| 128|0x0000000708e00000, 0x0000000708e00000, 0x0000000708f00000|  0%| F|  |TAMS 0x0000000708e00000, 0x0000000708e00000| Untracked 
| 129|0x0000000708f00000, 0x0000000708f00000, 0x0000000709000000|  0%| F|  |TAMS 0x0000000708f00000, 0x0000000708f00000| Untracked 
| 130|0x0000000709000000, 0x0000000709000000, 0x0000000709100000|  0%| F|  |TAMS 0x0000000709000000, 0x0000000709000000| Untracked 
| 131|0x0000000709100000, 0x0000000709100000, 0x0000000709200000|  0%| F|  |TAMS 0x0000000709100000, 0x0000000709100000| Untracked 
| 132|0x0000000709200000, 0x0000000709200000, 0x0000000709300000|  0%| F|  |TAMS 0x0000000709200000, 0x0000000709200000| Untracked 
| 133|0x0000000709300000, 0x0000000709300000, 0x0000000709400000|  0%| F|  |TAMS 0x0000000709300000, 0x0000000709300000| Untracked 
| 134|0x0000000709400000, 0x0000000709400000, 0x0000000709500000|  0%| F|  |TAMS 0x0000000709400000, 0x0000000709400000| Untracked 
| 135|0x0000000709500000, 0x0000000709500000, 0x0000000709600000|  0%| F|  |TAMS 0x0000000709500000, 0x0000000709500000| Untracked 
| 136|0x0000000709600000, 0x0000000709600000, 0x0000000709700000|  0%| F|  |TAMS 0x0000000709600000, 0x0000000709600000| Untracked 
| 137|0x0000000709700000, 0x0000000709700000, 0x0000000709800000|  0%| F|  |TAMS 0x0000000709700000, 0x0000000709700000| Untracked 
| 138|0x0000000709800000, 0x0000000709800000, 0x0000000709900000|  0%| F|  |TAMS 0x0000000709800000, 0x0000000709800000| Untracked 
| 139|0x0000000709900000, 0x0000000709900000, 0x0000000709a00000|  0%| F|  |TAMS 0x0000000709900000, 0x0000000709900000| Untracked 
| 140|0x0000000709a00000, 0x0000000709a00000, 0x0000000709b00000|  0%| F|  |TAMS 0x0000000709a00000, 0x0000000709a00000| Untracked 
| 141|0x0000000709b00000, 0x0000000709b00000, 0x0000000709c00000|  0%| F|  |TAMS 0x0000000709b00000, 0x0000000709b00000| Untracked 
| 142|0x0000000709c00000, 0x0000000709c00000, 0x0000000709d00000|  0%| F|  |TAMS 0x0000000709c00000, 0x0000000709c00000| Untracked 
| 143|0x0000000709d00000, 0x0000000709d00000, 0x0000000709e00000|  0%| F|  |TAMS 0x0000000709d00000, 0x0000000709d00000| Untracked 
| 144|0x0000000709e00000, 0x0000000709e00000, 0x0000000709f00000|  0%| F|  |TAMS 0x0000000709e00000, 0x0000000709e00000| Untracked 
| 145|0x0000000709f00000, 0x0000000709f00000, 0x000000070a000000|  0%| F|  |TAMS 0x0000000709f00000, 0x0000000709f00000| Untracked 
| 146|0x000000070a000000, 0x000000070a000000, 0x000000070a100000|  0%| F|  |TAMS 0x000000070a000000, 0x000000070a000000| Untracked 
| 147|0x000000070a100000, 0x000000070a100000, 0x000000070a200000|  0%| F|  |TAMS 0x000000070a100000, 0x000000070a100000| Untracked 
| 148|0x000000070a200000, 0x000000070a200000, 0x000000070a300000|  0%| F|  |TAMS 0x000000070a200000, 0x000000070a200000| Untracked 
| 149|0x000000070a300000, 0x000000070a300000, 0x000000070a400000|  0%| F|  |TAMS 0x000000070a300000, 0x000000070a300000| Untracked 
| 150|0x000000070a400000, 0x000000070a400000, 0x000000070a500000|  0%| F|  |TAMS 0x000000070a400000, 0x000000070a400000| Untracked 
| 151|0x000000070a500000, 0x000000070a500000, 0x000000070a600000|  0%| F|  |TAMS 0x000000070a500000, 0x000000070a500000| Untracked 
| 152|0x000000070a600000, 0x000000070a600000, 0x000000070a700000|  0%| F|  |TAMS 0x000000070a600000, 0x000000070a600000| Untracked 
| 153|0x000000070a700000, 0x000000070a700000, 0x000000070a800000|  0%| F|  |TAMS 0x000000070a700000, 0x000000070a700000| Untracked 
| 154|0x000000070a800000, 0x000000070a800000, 0x000000070a900000|  0%| F|  |TAMS 0x000000070a800000, 0x000000070a800000| Untracked 
| 155|0x000000070a900000, 0x000000070a900000, 0x000000070aa00000|  0%| F|  |TAMS 0x000000070a900000, 0x000000070a900000| Untracked 
| 156|0x000000070aa00000, 0x000000070aa00000, 0x000000070ab00000|  0%| F|  |TAMS 0x000000070aa00000, 0x000000070aa00000| Untracked 
| 157|0x000000070ab00000, 0x000000070ab00000, 0x000000070ac00000|  0%| F|  |TAMS 0x000000070ab00000, 0x000000070ab00000| Untracked 
| 158|0x000000070ac00000, 0x000000070ac00000, 0x000000070ad00000|  0%| F|  |TAMS 0x000000070ac00000, 0x000000070ac00000| Untracked 
| 159|0x000000070ad00000, 0x000000070ad00000, 0x000000070ae00000|  0%| F|  |TAMS 0x000000070ad00000, 0x000000070ad00000| Untracked 
| 160|0x000000070ae00000, 0x000000070ae00000, 0x000000070af00000|  0%| F|  |TAMS 0x000000070ae00000, 0x000000070ae00000| Untracked 
| 161|0x000000070af00000, 0x000000070af00000, 0x000000070b000000|  0%| F|  |TAMS 0x000000070af00000, 0x000000070af00000| Untracked 
| 162|0x000000070b000000, 0x000000070b000000, 0x000000070b100000|  0%| F|  |TAMS 0x000000070b000000, 0x000000070b000000| Untracked 
| 163|0x000000070b100000, 0x000000070b100000, 0x000000070b200000|  0%| F|  |TAMS 0x000000070b100000, 0x000000070b100000| Untracked 
| 164|0x000000070b200000, 0x000000070b200000, 0x000000070b300000|  0%| F|  |TAMS 0x000000070b200000, 0x000000070b200000| Untracked 
| 165|0x000000070b300000, 0x000000070b300000, 0x000000070b400000|  0%| F|  |TAMS 0x000000070b300000, 0x000000070b300000| Untracked 
| 166|0x000000070b400000, 0x000000070b400000, 0x000000070b500000|  0%| F|  |TAMS 0x000000070b400000, 0x000000070b400000| Untracked 
| 167|0x000000070b500000, 0x000000070b500000, 0x000000070b600000|  0%| F|  |TAMS 0x000000070b500000, 0x000000070b500000| Untracked 
| 168|0x000000070b600000, 0x000000070b600000, 0x000000070b700000|  0%| F|  |TAMS 0x000000070b600000, 0x000000070b600000| Untracked 
| 169|0x000000070b700000, 0x000000070b700000, 0x000000070b800000|  0%| F|  |TAMS 0x000000070b700000, 0x000000070b700000| Untracked 
| 170|0x000000070b800000, 0x000000070b800000, 0x000000070b900000|  0%| F|  |TAMS 0x000000070b800000, 0x000000070b800000| Untracked 
| 171|0x000000070b900000, 0x000000070b900000, 0x000000070ba00000|  0%| F|  |TAMS 0x000000070b900000, 0x000000070b900000| Untracked 
| 172|0x000000070ba00000, 0x000000070ba00000, 0x000000070bb00000|  0%| F|  |TAMS 0x000000070ba00000, 0x000000070ba00000| Untracked 
| 173|0x000000070bb00000, 0x000000070bb00000, 0x000000070bc00000|  0%| F|  |TAMS 0x000000070bb00000, 0x000000070bb00000| Untracked 
| 174|0x000000070bc00000, 0x000000070bc00000, 0x000000070bd00000|  0%| F|  |TAMS 0x000000070bc00000, 0x000000070bc00000| Untracked 
| 175|0x000000070bd00000, 0x000000070bd00000, 0x000000070be00000|  0%| F|  |TAMS 0x000000070bd00000, 0x000000070bd00000| Untracked 
| 176|0x000000070be00000, 0x000000070be00000, 0x000000070bf00000|  0%| F|  |TAMS 0x000000070be00000, 0x000000070be00000| Untracked 
| 177|0x000000070bf00000, 0x000000070bf00000, 0x000000070c000000|  0%| F|  |TAMS 0x000000070bf00000, 0x000000070bf00000| Untracked 
| 178|0x000000070c000000, 0x000000070c000000, 0x000000070c100000|  0%| F|  |TAMS 0x000000070c000000, 0x000000070c000000| Untracked 
| 179|0x000000070c100000, 0x000000070c100000, 0x000000070c200000|  0%| F|  |TAMS 0x000000070c100000, 0x000000070c100000| Untracked 
| 180|0x000000070c200000, 0x000000070c200000, 0x000000070c300000|  0%| F|  |TAMS 0x000000070c200000, 0x000000070c200000| Untracked 
| 181|0x000000070c300000, 0x000000070c300000, 0x000000070c400000|  0%| F|  |TAMS 0x000000070c300000, 0x000000070c300000| Untracked 
| 182|0x000000070c400000, 0x000000070c400000, 0x000000070c500000|  0%| F|  |TAMS 0x000000070c400000, 0x000000070c400000| Untracked 
| 183|0x000000070c500000, 0x000000070c500000, 0x000000070c600000|  0%| F|  |TAMS 0x000000070c500000, 0x000000070c500000| Untracked 
| 184|0x000000070c600000, 0x000000070c600000, 0x000000070c700000|  0%| F|  |TAMS 0x000000070c600000, 0x000000070c600000| Untracked 
| 185|0x000000070c700000, 0x000000070c700000, 0x000000070c800000|  0%| F|  |TAMS 0x000000070c700000, 0x000000070c700000| Untracked 
| 186|0x000000070c800000, 0x000000070c800000, 0x000000070c900000|  0%| F|  |TAMS 0x000000070c800000, 0x000000070c800000| Untracked 
| 187|0x000000070c900000, 0x000000070c900000, 0x000000070ca00000|  0%| F|  |TAMS 0x000000070c900000, 0x000000070c900000| Untracked 
| 188|0x000000070ca00000, 0x000000070ca00000, 0x000000070cb00000|  0%| F|  |TAMS 0x000000070ca00000, 0x000000070ca00000| Untracked 
| 189|0x000000070cb00000, 0x000000070cb00000, 0x000000070cc00000|  0%| F|  |TAMS 0x000000070cb00000, 0x000000070cb00000| Untracked 
| 190|0x000000070cc00000, 0x000000070cc00000, 0x000000070cd00000|  0%| F|  |TAMS 0x000000070cc00000, 0x000000070cc00000| Untracked 
| 191|0x000000070cd00000, 0x000000070cd00000, 0x000000070ce00000|  0%| F|  |TAMS 0x000000070cd00000, 0x000000070cd00000| Untracked 
| 192|0x000000070ce00000, 0x000000070ce00000, 0x000000070cf00000|  0%| F|  |TAMS 0x000000070ce00000, 0x000000070ce00000| Untracked 
| 193|0x000000070cf00000, 0x000000070cf00000, 0x000000070d000000|  0%| F|  |TAMS 0x000000070cf00000, 0x000000070cf00000| Untracked 
| 194|0x000000070d000000, 0x000000070d000000, 0x000000070d100000|  0%| F|  |TAMS 0x000000070d000000, 0x000000070d000000| Untracked 
| 195|0x000000070d100000, 0x000000070d100000, 0x000000070d200000|  0%| F|  |TAMS 0x000000070d100000, 0x000000070d100000| Untracked 
| 196|0x000000070d200000, 0x000000070d200000, 0x000000070d300000|  0%| F|  |TAMS 0x000000070d200000, 0x000000070d200000| Untracked 
| 197|0x000000070d300000, 0x000000070d300000, 0x000000070d400000|  0%| F|  |TAMS 0x000000070d300000, 0x000000070d300000| Untracked 
| 198|0x000000070d400000, 0x000000070d400000, 0x000000070d500000|  0%| F|  |TAMS 0x000000070d400000, 0x000000070d400000| Untracked 
| 199|0x000000070d500000, 0x000000070d500000, 0x000000070d600000|  0%| F|  |TAMS 0x000000070d500000, 0x000000070d500000| Untracked 
| 200|0x000000070d600000, 0x000000070d600000, 0x000000070d700000|  0%| F|  |TAMS 0x000000070d600000, 0x000000070d600000| Untracked 
| 201|0x000000070d700000, 0x000000070d700000, 0x000000070d800000|  0%| F|  |TAMS 0x000000070d700000, 0x000000070d700000| Untracked 
| 202|0x000000070d800000, 0x000000070d800000, 0x000000070d900000|  0%| F|  |TAMS 0x000000070d800000, 0x000000070d800000| Untracked 
| 203|0x000000070d900000, 0x000000070d900000, 0x000000070da00000|  0%| F|  |TAMS 0x000000070d900000, 0x000000070d900000| Untracked 
| 204|0x000000070da00000, 0x000000070da00000, 0x000000070db00000|  0%| F|  |TAMS 0x000000070da00000, 0x000000070da00000| Untracked 
| 205|0x000000070db00000, 0x000000070db00000, 0x000000070dc00000|  0%| F|  |TAMS 0x000000070db00000, 0x000000070db00000| Untracked 
| 206|0x000000070dc00000, 0x000000070dc00000, 0x000000070dd00000|  0%| F|  |TAMS 0x000000070dc00000, 0x000000070dc00000| Untracked 
| 207|0x000000070dd00000, 0x000000070dd00000, 0x000000070de00000|  0%| F|  |TAMS 0x000000070dd00000, 0x000000070dd00000| Untracked 
| 208|0x000000070de00000, 0x000000070de00000, 0x000000070df00000|  0%| F|  |TAMS 0x000000070de00000, 0x000000070de00000| Untracked 
| 209|0x000000070df00000, 0x000000070df00000, 0x000000070e000000|  0%| F|  |TAMS 0x000000070df00000, 0x000000070df00000| Untracked 
| 210|0x000000070e000000, 0x000000070e000000, 0x000000070e100000|  0%| F|  |TAMS 0x000000070e000000, 0x000000070e000000| Untracked 
| 211|0x000000070e100000, 0x000000070e100000, 0x000000070e200000|  0%| F|  |TAMS 0x000000070e100000, 0x000000070e100000| Untracked 
| 212|0x000000070e200000, 0x000000070e200000, 0x000000070e300000|  0%| F|  |TAMS 0x000000070e200000, 0x000000070e200000| Untracked 
| 213|0x000000070e300000, 0x000000070e300000, 0x000000070e400000|  0%| F|  |TAMS 0x000000070e300000, 0x000000070e300000| Untracked 
| 214|0x000000070e400000, 0x000000070e400000, 0x000000070e500000|  0%| F|  |TAMS 0x000000070e400000, 0x000000070e400000| Untracked 
| 215|0x000000070e500000, 0x000000070e500000, 0x000000070e600000|  0%| F|  |TAMS 0x000000070e500000, 0x000000070e500000| Untracked 
| 216|0x000000070e600000, 0x000000070e600000, 0x000000070e700000|  0%| F|  |TAMS 0x000000070e600000, 0x000000070e600000| Untracked 
| 217|0x000000070e700000, 0x000000070e700000, 0x000000070e800000|  0%| F|  |TAMS 0x000000070e700000, 0x000000070e700000| Untracked 
| 218|0x000000070e800000, 0x000000070e800000, 0x000000070e900000|  0%| F|  |TAMS 0x000000070e800000, 0x000000070e800000| Untracked 
| 219|0x000000070e900000, 0x000000070e900000, 0x000000070ea00000|  0%| F|  |TAMS 0x000000070e900000, 0x000000070e900000| Untracked 
| 220|0x000000070ea00000, 0x000000070ea00000, 0x000000070eb00000|  0%| F|  |TAMS 0x000000070ea00000, 0x000000070ea00000| Untracked 
| 221|0x000000070eb00000, 0x000000070eb00000, 0x000000070ec00000|  0%| F|  |TAMS 0x000000070eb00000, 0x000000070eb00000| Untracked 
| 222|0x000000070ec00000, 0x000000070ec00000, 0x000000070ed00000|  0%| F|  |TAMS 0x000000070ec00000, 0x000000070ec00000| Untracked 
| 223|0x000000070ed00000, 0x000000070ed00000, 0x000000070ee00000|  0%| F|  |TAMS 0x000000070ed00000, 0x000000070ed00000| Untracked 
| 224|0x000000070ee00000, 0x000000070ee00000, 0x000000070ef00000|  0%| F|  |TAMS 0x000000070ee00000, 0x000000070ee00000| Untracked 
| 225|0x000000070ef00000, 0x000000070ef00000, 0x000000070f000000|  0%| F|  |TAMS 0x000000070ef00000, 0x000000070ef00000| Untracked 
| 226|0x000000070f000000, 0x000000070f000000, 0x000000070f100000|  0%| F|  |TAMS 0x000000070f000000, 0x000000070f000000| Untracked 
| 227|0x000000070f100000, 0x000000070f100000, 0x000000070f200000|  0%| F|  |TAMS 0x000000070f100000, 0x000000070f100000| Untracked 
| 228|0x000000070f200000, 0x000000070f200000, 0x000000070f300000|  0%| F|  |TAMS 0x000000070f200000, 0x000000070f200000| Untracked 
| 229|0x000000070f300000, 0x000000070f300000, 0x000000070f400000|  0%| F|  |TAMS 0x000000070f300000, 0x000000070f300000| Untracked 
| 230|0x000000070f400000, 0x000000070f400000, 0x000000070f500000|  0%| F|  |TAMS 0x000000070f400000, 0x000000070f400000| Untracked 
| 231|0x000000070f500000, 0x000000070f500000, 0x000000070f600000|  0%| F|  |TAMS 0x000000070f500000, 0x000000070f500000| Untracked 
| 232|0x000000070f600000, 0x000000070f600000, 0x000000070f700000|  0%| F|  |TAMS 0x000000070f600000, 0x000000070f600000| Untracked 
| 233|0x000000070f700000, 0x000000070f700000, 0x000000070f800000|  0%| F|  |TAMS 0x000000070f700000, 0x000000070f700000| Untracked 
| 234|0x000000070f800000, 0x000000070f800000, 0x000000070f900000|  0%| F|  |TAMS 0x000000070f800000, 0x000000070f800000| Untracked 
| 235|0x000000070f900000, 0x000000070f900000, 0x000000070fa00000|  0%| F|  |TAMS 0x000000070f900000, 0x000000070f900000| Untracked 
| 236|0x000000070fa00000, 0x000000070fa00000, 0x000000070fb00000|  0%| F|  |TAMS 0x000000070fa00000, 0x000000070fa00000| Untracked 
| 237|0x000000070fb00000, 0x000000070fb00000, 0x000000070fc00000|  0%| F|  |TAMS 0x000000070fb00000, 0x000000070fb00000| Untracked 
| 238|0x000000070fc00000, 0x000000070fc00000, 0x000000070fd00000|  0%| F|  |TAMS 0x000000070fc00000, 0x000000070fc00000| Untracked 
| 239|0x000000070fd00000, 0x000000070fd00000, 0x000000070fe00000|  0%| F|  |TAMS 0x000000070fd00000, 0x000000070fd00000| Untracked 
| 240|0x000000070fe00000, 0x000000070ff00000, 0x000000070ff00000|100%| S|CS|TAMS 0x000000070fe00000, 0x000000070fe00000| Complete 
| 241|0x000000070ff00000, 0x0000000710000000, 0x0000000710000000|100%| S|CS|TAMS 0x000000070ff00000, 0x000000070ff00000| Complete 
| 242|0x0000000710000000, 0x0000000710000000, 0x0000000710100000|  0%| F|  |TAMS 0x0000000710000000, 0x0000000710000000| Untracked 
| 243|0x0000000710100000, 0x0000000710100000, 0x0000000710200000|  0%| F|  |TAMS 0x0000000710100000, 0x0000000710100000| Untracked 
| 244|0x0000000710200000, 0x0000000710200000, 0x0000000710300000|  0%| F|  |TAMS 0x0000000710200000, 0x0000000710200000| Untracked 
| 245|0x0000000710300000, 0x0000000710300000, 0x0000000710400000|  0%| F|  |TAMS 0x0000000710300000, 0x0000000710300000| Untracked 
| 246|0x0000000710400000, 0x0000000710400000, 0x0000000710500000|  0%| F|  |TAMS 0x0000000710400000, 0x0000000710400000| Untracked 
| 247|0x0000000710500000, 0x0000000710500000, 0x0000000710600000|  0%| F|  |TAMS 0x0000000710500000, 0x0000000710500000| Untracked 
| 248|0x0000000710600000, 0x0000000710600000, 0x0000000710700000|  0%| F|  |TAMS 0x0000000710600000, 0x0000000710600000| Untracked 
| 249|0x0000000710700000, 0x0000000710700000, 0x0000000710800000|  0%| F|  |TAMS 0x0000000710700000, 0x0000000710700000| Untracked 
| 250|0x0000000710800000, 0x0000000710800000, 0x0000000710900000|  0%| F|  |TAMS 0x0000000710800000, 0x0000000710800000| Untracked 
| 251|0x0000000710900000, 0x0000000710a00000, 0x0000000710a00000|100%| E|  |TAMS 0x0000000710900000, 0x0000000710900000| Complete 
| 252|0x0000000710a00000, 0x0000000710b00000, 0x0000000710b00000|100%| E|CS|TAMS 0x0000000710a00000, 0x0000000710a00000| Complete 
| 253|0x0000000710b00000, 0x0000000710c00000, 0x0000000710c00000|100%| E|CS|TAMS 0x0000000710b00000, 0x0000000710b00000| Complete 
| 254|0x0000000710c00000, 0x0000000710d00000, 0x0000000710d00000|100%| E|CS|TAMS 0x0000000710c00000, 0x0000000710c00000| Complete 
| 255|0x0000000710d00000, 0x0000000710e00000, 0x0000000710e00000|100%| E|CS|TAMS 0x0000000710d00000, 0x0000000710d00000| Complete 

Card table byte_map: [0x0000020d1c3c0000,0x0000020d1cbc0000] _byte_map_base: 0x0000020d18bb9000

Marking Bits (Prev, Next): (CMBitMap*) 0x0000020d048fd2c8, (CMBitMap*) 0x0000020d048fd300
 Prev Bits: [0x0000020d1d3c0000, 0x0000020d21388000)
 Next Bits: [0x0000020d21390000, 0x0000020d25358000)

Polling page: 0x0000020d02810000

Metaspace:

Usage:
  Non-class:     12.31 MB capacity,    12.15 MB ( 99%) used,   157.05 KB (  1%) free+waste,    15.31 KB ( <1%) overhead. 
      Class:      1.02 MB capacity,   977.14 KB ( 94%) used,    58.17 KB (  6%) free+waste,     5.69 KB ( <1%) overhead. 
       Both:     13.33 MB capacity,    13.10 MB ( 98%) used,   215.23 KB (  2%) free+waste,    21.00 KB ( <1%) overhead. 

Virtual space:
  Non-class space:       14.00 MB reserved,      12.50 MB ( 89%) committed 
      Class space:        1.00 GB reserved,       1.13 MB ( <1%) committed 
             Both:        1.01 GB reserved,      13.63 MB (  1%) committed 

Chunk freelists:
   Non-Class:  15.88 KB
       Class:  1.88 KB
        Both:  17.75 KB

CodeHeap 'non-profiled nmethods': size=120064Kb used=257Kb max_used=257Kb free=119806Kb
 bounds [0x0000020d14680000, 0x0000020d148f0000, 0x0000020d1bbc0000]
CodeHeap 'profiled nmethods': size=120000Kb used=1585Kb max_used=1585Kb free=118414Kb
 bounds [0x0000020d0d150000, 0x0000020d0d3c0000, 0x0000020d14680000]
CodeHeap 'non-nmethods': size=5696Kb used=1474Kb max_used=1489Kb free=4221Kb
 bounds [0x0000020d0cbc0000, 0x0000020d0ce30000, 0x0000020d0d150000]
 total_blobs=2024 nmethods=854 adapters=893
 compilation: enabled
              stopped_count=0, restarted_count=0
 full_count=0

Compilation events (10 events):
Event: 1.376 Thread 0x0000020d28139000  811       4       jdk.internal.reflect.ReflectionFactory::copyField (10 bytes)
Event: 1.377 Thread 0x0000020d2813e800  850       3       jdk.internal.jimage.ImageStringsReader::get (9 bytes)
Event: 1.377 Thread 0x0000020d2813e800 nmethod 850 0x0000020d0d2da110 code [0x0000020d0d2da2c0, 0x0000020d0d2da4f0]
Event: 1.377 Thread 0x0000020d2813e800  851       3       jdk.internal.jimage.BasicImageReader::getString (48 bytes)
Event: 1.377 Thread 0x0000020d2813e800 nmethod 851 0x0000020d0d2da590 code [0x0000020d0d2da800, 0x0000020d0d2db300]
Event: 1.378 Thread 0x0000020d2813e800  852       3       jdk.internal.jimage.ImageStringsReader::stringFromByteBuffer (28 bytes)
Event: 1.378 Thread 0x0000020d2813e800 nmethod 852 0x0000020d0d2db690 code [0x0000020d0d2db880, 0x0000020d0d2dbce0]
Event: 1.378 Thread 0x0000020d2813e800  853       3       java.nio.ByteBuffer::arrayOffset (35 bytes)
Event: 1.378 Thread 0x0000020d2813e800 nmethod 853 0x0000020d0d2dbe90 code [0x0000020d0d2dc080, 0x0000020d0d2dc3c0]
Event: 1.379 Thread 0x0000020d28139000 nmethod 811 0x0000020d146bf890 code [0x0000020d146bfa40, 0x0000020d146bfe58]

GC Heap History (2 events):
Event: 1.323 GC heap before
{Heap before GC invocations=0 (full 0):
 garbage-first heap   total 262144K, used 14336K [0x0000000700e00000, 0x0000000800000000)
  region size 1024K, 14 young (14336K), 0 survivors (0K)
 Metaspace       used 12029K, capacity 12207K, committed 12544K, reserved 1060864K
  class space    used 920K, capacity 1008K, committed 1024K, reserved 1048576K
}
Event: 1.327 GC heap after
{Heap after GC invocations=1 (full 0):
 garbage-first heap   total 262144K, used 2564K [0x0000000700e00000, 0x0000000800000000)
  region size 1024K, 2 young (2048K), 2 survivors (2048K)
 Metaspace       used 12029K, capacity 12207K, committed 12544K, reserved 1060864K
  class space    used 920K, capacity 1008K, committed 1024K, reserved 1048576K
}

Deoptimization events (1 events):
Event: 0.152 Thread 0x0000020d04899000 Uncommon trap: reason=unstable_if action=reinterpret pc=0x0000020d14684394 method=java.lang.String.isLatin1()Z @ 10 c2

Classes redefined (0 events):
No events

Internal exceptions (5 events):
Event: 0.177 Thread 0x0000020d04899000 Exception <a 'java/lang/NoSuchMethodError'{0x000000071096ddd8}: java.lang.invoke.DelegatingMethodHandle$Holder.delegate(Ljava/lang/Object;Ljava/lang/Object;ILjava/lang/Object;)V> (0x000000071096ddd8) thrown at [t:/workspace/open/src/hotspot/share/interpre
Event: 0.178 Thread 0x0000020d04899000 Exception <a 'java/lang/NoSuchMethodError'{0x0000000710975188}: java.lang.invoke.DirectMethodHandle$Holder.invokeStaticInit(Ljava/lang/Object;Ljava/lang/Object;Ljava/lang/Object;)Ljava/lang/Object;> (0x0000000710975188) thrown at [t:/workspace/open/src/ho
Event: 1.167 Thread 0x0000020d04899000 Exception <a 'java/lang/NoSuchMethodError'{0x000000071064dad0}: java.lang.invoke.Invokers$Holder.linkToTargetMethod(Ljava/lang/Object;IILjava/lang/Object;)Ljava/lang/Object;> (0x000000071064dad0) thrown at [t:/workspace/open/src/hotspot/share/interpreter/
Event: 1.195 Thread 0x0000020d04899000 Exception <a 'sun/nio/fs/WindowsException'{0x00000007106ca240}> (0x00000007106ca240) thrown at [t:/workspace/open/src/hotspot/share/prims/jni.cpp, line 615]
Event: 1.195 Thread 0x0000020d04899000 Exception <a 'sun/nio/fs/WindowsException'{0x00000007106ca728}> (0x00000007106ca728) thrown at [t:/workspace/open/src/hotspot/share/prims/jni.cpp, line 615]

Events (10 events):
Event: 1.376 loading class org/lwjgl/system/APIUtil$Encoder
Event: 1.376 loading class org/lwjgl/system/APIUtil$Encoder done
Event: 1.378 loading class com/bwh/lwjglengine/graphics/Renderer
Event: 1.378 loading class com/bwh/lwjglengine/graphics/Renderer done
Event: 1.378 loading class com/bwh/lwjglengine/graphics/Mesh
Event: 1.378 loading class com/bwh/lwjglengine/graphics/Mesh done
Event: 1.379 loading class org/lwjgl/opengl/GL30C
Event: 1.379 loading class org/lwjgl/opengl/GL30C done
Event: 1.379 loading class org/lwjgl/opengl/GL21C
Event: 1.379 loading class org/lwjgl/opengl/GL21C done


Dynamic libraries:
0x00007ff7856a0000 - 0x00007ff7856e7000 	C:\Program Files\Java\jdk-11.0.2\bin\java.exe
0x00007ffb2c880000 - 0x00007ffb2ca61000 	C:\WINDOWS\SYSTEM32\ntdll.dll
0x00007ffb2ba40000 - 0x00007ffb2baf2000 	C:\WINDOWS\System32\KERNEL32.DLL
0x00007ffb29710000 - 0x00007ffb29983000 	C:\WINDOWS\System32\KERNELBASE.dll
0x00007ffb2b160000 - 0x00007ffb2b201000 	C:\WINDOWS\System32\ADVAPI32.dll
0x00007ffb2bb70000 - 0x00007ffb2bc0e000 	C:\WINDOWS\System32\msvcrt.dll
0x00007ffb2b290000 - 0x00007ffb2b2eb000 	C:\WINDOWS\System32\sechost.dll
0x00007ffb2bc10000 - 0x00007ffb2bd34000 	C:\WINDOWS\System32\RPCRT4.dll
0x00007ffb2b590000 - 0x00007ffb2b720000 	C:\WINDOWS\System32\USER32.dll
0x00007ffb28df0000 - 0x00007ffb28e10000 	C:\WINDOWS\System32\win32u.dll
0x00007ffb2bff0000 - 0x00007ffb2c018000 	C:\WINDOWS\System32\GDI32.dll
0x00007ffb29570000 - 0x00007ffb29702000 	C:\WINDOWS\System32\gdi32full.dll
0x00007ffb28d50000 - 0x00007ffb28def000 	C:\WINDOWS\System32\msvcp_win.dll
0x00007ffb28c50000 - 0x00007ffb28d4a000 	C:\WINDOWS\System32\ucrtbase.dll
0x00007ffb1a6c0000 - 0x00007ffb1a929000 	C:\WINDOWS\WinSxS\amd64_microsoft.windows.common-controls_6595b64144ccf1df_6.0.17134.590_none_fb3d9bff3069e088\COMCTL32.dll
0x00007ffb243e0000 - 0x00007ffb243ea000 	C:\WINDOWS\SYSTEM32\VERSION.dll
0x00007ffb2c0a0000 - 0x00007ffb2c3c2000 	C:\WINDOWS\System32\combase.dll
0x00007ffb299f0000 - 0x00007ffb29a6a000 	C:\WINDOWS\System32\bcryptPrimitives.dll
0x00007ffb2c3d0000 - 0x00007ffb2c3fd000 	C:\WINDOWS\System32\IMM32.DLL
0x00007ffb20420000 - 0x00007ffb20436000 	C:\Program Files\Java\jdk-11.0.2\bin\vcruntime140.dll
0x00007ffb0b030000 - 0x00007ffb0b0da000 	C:\Program Files\Java\jdk-11.0.2\bin\msvcp140.dll
0x00007ffad4060000 - 0x00007ffad4b87000 	C:\Program Files\Java\jdk-11.0.2\bin\server\jvm.dll
0x00007ffb2bf70000 - 0x00007ffb2bf78000 	C:\WINDOWS\System32\PSAPI.DLL
0x00007ffb22cd0000 - 0x00007ffb22cf3000 	C:\WINDOWS\SYSTEM32\WINMM.dll
0x00007ffb17e80000 - 0x00007ffb17e89000 	C:\WINDOWS\SYSTEM32\WSOCK32.dll
0x00007ffb2bb00000 - 0x00007ffb2bb6c000 	C:\WINDOWS\System32\WS2_32.dll
0x00007ffb23be0000 - 0x00007ffb23c0a000 	C:\WINDOWS\SYSTEM32\WINMMBASE.dll
0x00007ffb28e10000 - 0x00007ffb28e59000 	C:\WINDOWS\System32\cfgmgr32.dll
0x00007ffb28c10000 - 0x00007ffb28c21000 	C:\WINDOWS\System32\kernel.appcore.dll
0x00007ffb152a0000 - 0x00007ffb152b1000 	C:\Program Files\Java\jdk-11.0.2\bin\verify.dll
0x00007ffb1bd80000 - 0x00007ffb1bf49000 	C:\WINDOWS\SYSTEM32\DBGHELP.DLL
0x00007ffb153a0000 - 0x00007ffb153c9000 	C:\WINDOWS\SYSTEM32\dbgcore.DLL
0x00007ffb13310000 - 0x00007ffb13339000 	C:\Program Files\Java\jdk-11.0.2\bin\java.dll
0x00007ffb0f490000 - 0x00007ffb0f4bf000 	C:\Program Files\Java\jdk-11.0.2\bin\instrument.dll
0x00007ffb11ee0000 - 0x00007ffb11ef6000 	C:\Program Files\Java\jdk-11.0.2\bin\zip.dll
0x00007ffb25500000 - 0x00007ffb2550a000 	C:\Program Files\Java\jdk-11.0.2\bin\jimage.dll
0x00007ffb29d10000 - 0x00007ffb2b150000 	C:\WINDOWS\System32\SHELL32.dll
0x00007ffb2b3f0000 - 0x00007ffb2b499000 	C:\WINDOWS\System32\shcore.dll
0x00007ffb28e60000 - 0x00007ffb2956d000 	C:\WINDOWS\System32\windows.storage.dll
0x00007ffb2b2f0000 - 0x00007ffb2b341000 	C:\WINDOWS\System32\shlwapi.dll
0x00007ffb28c30000 - 0x00007ffb28c4f000 	C:\WINDOWS\System32\profapi.dll
0x00007ffb28b90000 - 0x00007ffb28bdc000 	C:\WINDOWS\System32\powrprof.dll
0x00007ffb28c00000 - 0x00007ffb28c0a000 	C:\WINDOWS\System32\FLTLIB.DLL
0x00007ffb0fc90000 - 0x00007ffb0fca9000 	C:\Program Files\Java\jdk-11.0.2\bin\net.dll
0x00007ffb20110000 - 0x00007ffb201ed000 	C:\WINDOWS\SYSTEM32\WINHTTP.dll
0x00007ffb1dc20000 - 0x00007ffb1dde9000 	C:\WINDOWS\SYSTEM32\urlmon.dll
0x00007ffb1d970000 - 0x00007ffb1dc15000 	C:\WINDOWS\SYSTEM32\iertutil.dll
0x00007ffb285e0000 - 0x00007ffb285eb000 	C:\WINDOWS\SYSTEM32\CRYPTBASE.DLL
0x00007ffb28410000 - 0x00007ffb28476000 	C:\WINDOWS\system32\mswsock.dll
0x00007ffb0f2d0000 - 0x00007ffb0f2e3000 	C:\Program Files\Java\jdk-11.0.2\bin\nio.dll
0x00007ffb1b600000 - 0x00007ffb1b61a000 	C:\Users\bwhet\AppData\Local\JetBrains\Toolbox\apps\IDEA-C\ch-0\183.5429.30\bin\breakgen64.dll
0x00007ffb0eff0000 - 0x00007ffb0f053000 	C:\Users\bwhet\AppData\Local\Temp\lwjglbwhet\3.2.1-build-12\lwjgl.dll
0x00007ffb0b730000 - 0x00007ffb0b78e000 	C:\Users\bwhet\AppData\Local\Temp\lwjglbwhet\3.2.1-build-12\glfw.dll
0x00007ffb26f80000 - 0x00007ffb27018000 	C:\WINDOWS\system32\uxtheme.dll
0x00007ffb0adf0000 - 0x00007ffb0ae33000 	C:\WINDOWS\SYSTEM32\dinput8.dll
0x00007ffae80e0000 - 0x00007ffae80f0000 	C:\WINDOWS\SYSTEM32\xinput1_4.dll
0x00007ffb289a0000 - 0x00007ffb289c7000 	C:\WINDOWS\SYSTEM32\DEVOBJ.dll
0x00007ffb10cf0000 - 0x00007ffb10d69000 	C:\WINDOWS\SYSTEM32\inputhost.dll
0x00007ffb26910000 - 0x00007ffb269ea000 	C:\WINDOWS\SYSTEM32\CoreMessaging.dll
0x00007ffb24ef0000 - 0x00007ffb2503d000 	C:\WINDOWS\SYSTEM32\wintypes.dll
0x00007ffb1ebc0000 - 0x00007ffb1eede000 	C:\WINDOWS\SYSTEM32\CoreUIComponents.dll
0x00007ffb27c80000 - 0x00007ffb27cb1000 	C:\WINDOWS\SYSTEM32\ntmarta.dll
0x00007ffb27260000 - 0x00007ffb27289000 	C:\WINDOWS\SYSTEM32\dwmapi.dll
0x00007ffb2b8c0000 - 0x00007ffb2ba33000 	C:\WINDOWS\System32\MSCTF.dll
0x00007ffb2bd40000 - 0x00007ffb2be03000 	C:\WINDOWS\System32\OLEAUT32.dll
0x00007ffb278c0000 - 0x00007ffb278cc000 	C:\WINDOWS\SYSTEM32\HID.DLL
0x00007ffb2c400000 - 0x00007ffb2c84b000 	C:\WINDOWS\System32\SETUPAPI.DLL
0x00007ffb29990000 - 0x00007ffb299e7000 	C:\WINDOWS\System32\WINTRUST.dll
0x00007ffb28be0000 - 0x00007ffb28bf2000 	C:\WINDOWS\System32\MSASN1.dll
0x00007ffb29b20000 - 0x00007ffb29d02000 	C:\WINDOWS\System32\CRYPT32.dll
0x00007ffb096e0000 - 0x00007ffb09800000 	C:\WINDOWS\SYSTEM32\opengl32.dll
0x00007ffb15370000 - 0x00007ffb1539c000 	C:\WINDOWS\SYSTEM32\GLU32.dll
0x0000000052000000 - 0x0000000054689000 	C:\WINDOWS\System32\DriverStore\FileRepository\nv_dispi.inf_amd64_5db32447b43ce666\nvoglv64.dll
0x00007ffb2be10000 - 0x00007ffb2bf61000 	C:\WINDOWS\System32\ole32.dll
0x00007ffb24a50000 - 0x00007ffb24a63000 	C:\WINDOWS\SYSTEM32\WTSAPI32.dll
0x00007ffae9cd0000 - 0x00007ffae9f96000 	C:\WINDOWS\system32\nvspcap64.dll
0x00007ffb27cf0000 - 0x00007ffb27d46000 	C:\WINDOWS\SYSTEM32\WINSTA.dll
0x00007ffb10db0000 - 0x00007ffb10e46000 	C:\WINDOWS\System32\TextInputFramework.dll
0x00007ffb09620000 - 0x00007ffb09678000 	C:\Users\bwhet\AppData\Local\Temp\lwjglbwhet\3.2.1-build-12\lwjgl_opengl.dll

dbghelp: loaded successfully - version: 4.0.5 - missing functions: none
symbol engine: initialized successfully - sym options: 0x614 - pdb path: .;C:\Program Files\Java\jdk-11.0.2\bin;C:\WINDOWS\SYSTEM32;C:\WINDOWS\WinSxS\amd64_microsoft.windows.common-controls_6595b64144ccf1df_6.0.17134.590_none_fb3d9bff3069e088;C:\Program Files\Java\jdk-11.0.2\bin\server;C:\Users\bwhet\AppData\Local\JetBrains\Toolbox\apps\IDEA-C\ch-0\183.5429.30\bin;C:\Users\bwhet\AppData\Local\Temp\lwjglbwhet\3.2.1-build-12;C:\WINDOWS\System32\DriverStore\FileRepository\nv_dispi.inf_amd64_5db32447b43ce666

VM Arguments:
jvm_args: -javaagent:C:\Users\bwhet\AppData\Local\JetBrains\Toolbox\apps\IDEA-C\ch-0\183.5429.30\lib\idea_rt.jar=56972:C:\Users\bwhet\AppData\Local\JetBrains\Toolbox\apps\IDEA-C\ch-0\183.5429.30\bin -Dfile.encoding=UTF-8 
java_command: com.bwh.lwjglengine.Main
java_class_path (initial): C:\Users\bwhet\workspace\lwjglengine\target\classes;C:\Users\bwhet\.m2\repository\org\lwjgl\lwjgl\3.2.1\lwjgl-3.2.1.jar;C:\Users\bwhet\.m2\repository\org\lwjgl\lwjgl-assimp\3.2.1\lwjgl-assimp-3.2.1.jar;C:\Users\bwhet\.m2\repository\org\lwjgl\lwjgl-bgfx\3.2.1\lwjgl-bgfx-3.2.1.jar;C:\Users\bwhet\.m2\repository\org\lwjgl\lwjgl-glfw\3.2.1\lwjgl-glfw-3.2.1.jar;C:\Users\bwhet\.m2\repository\org\lwjgl\lwjgl-nanovg\3.2.1\lwjgl-nanovg-3.2.1.jar;C:\Users\bwhet\.m2\repository\org\lwjgl\lwjgl-nuklear\3.2.1\lwjgl-nuklear-3.2.1.jar;C:\Users\bwhet\.m2\repository\org\lwjgl\lwjgl-openal\3.2.1\lwjgl-openal-3.2.1.jar;C:\Users\bwhet\.m2\repository\org\lwjgl\lwjgl-opengl\3.2.1\lwjgl-opengl-3.2.1.jar;C:\Users\bwhet\.m2\repository\org\lwjgl\lwjgl-par\3.2.1\lwjgl-par-3.2.1.jar;C:\Users\bwhet\.m2\repository\org\lwjgl\lwjgl-stb\3.2.1\lwjgl-stb-3.2.1.jar;C:\Users\bwhet\.m2\repository\org\lwjgl\lwjgl-vulkan\3.2.1\lwjgl-vulkan-3.2.1.jar;C:\Users\bwhet\.m2\repository\org\lwjgl\lwjgl\3.2.1\lwjgl-3.2.1-natives-windows.jar;C:\Users\bwhet\.m2\repository\org\lwjgl\lwjgl-assimp\3.2.1\lwjgl-assimp-3.2.1-natives-windows.jar;C:\Users\bwhet\.m2\repository\org\lwjgl\lwjgl-bgfx\3.2.1\lwjgl-bgfx-3.2.1-natives-windows.jar;C:\Users\bwhet\.m2\repository\org\lwjgl\lwjgl-glfw\3.2.1\lwjgl-glfw-3.2.1-natives-windows.jar;C:\Users\bwhet\.m2\repository\org\lwjgl\lwjgl-nanovg\3.2.1\lwjgl-nanovg-3.2.1-natives-windows.jar;C:\Users\bwhet\.m2\repository\org\lwjgl\lwjgl-nuklear\3.2.1\lwjgl-nuklear-3.2.1-natives-windows.jar;C:\Users\bwhet\.m2\repository\org\lwjgl\lwjgl-openal\3.2.1\lwjgl-openal-3.2.1-natives-windows.jar;C:\Users\bwhet\.m2\repository\org\lwjgl\lwjgl-opengl\3.2.1\lwjgl-opengl-3.2.1-natives-windows.jar;C:\Users\bwhet\.m2\repository\org\lwjgl\lwjgl-par\3.2.1\lwjgl-par-3.2.1-natives-windows.jar;C:\Users\bwhet\.m2\repository\org\lwjgl\lwjgl-stb\3.2.1\lwjgl-stb-3.2.1-natives-windows.jar;C:\Users\bwhet\.m2\repository\org\joml\joml\1.9.13\joml-1.9.13.jar
Launcher Type: SUN_STANDARD

[Global flags]
     intx CICompilerCount                          = 3                                         {product} {ergonomic}
     uint ConcGCThreads                            = 1                                         {product} {ergonomic}
     uint G1ConcRefinementThreads                  = 4                                         {product} {ergonomic}
   size_t G1HeapRegionSize                         = 1048576                                   {product} {ergonomic}
    uintx GCDrainStackTargetSize                   = 64                                        {product} {ergonomic}
   size_t InitialHeapSize                          = 268435456                                 {product} {ergonomic}
   size_t MarkStackSize                            = 4194304                                   {product} {ergonomic}
   size_t MaxHeapSize                              = 4280287232                                {product} {ergonomic}
   size_t MaxNewSize                               = 2567962624                                {product} {ergonomic}
   size_t MinHeapDeltaBytes                        = 1048576                                   {product} {ergonomic}
    uintx NonNMethodCodeHeapSize                   = 5830092                                {pd product} {ergonomic}
    uintx NonProfiledCodeHeapSize                  = 122914074                              {pd product} {ergonomic}
    uintx ProfiledCodeHeapSize                     = 122914074                              {pd product} {ergonomic}
    uintx ReservedCodeCacheSize                    = 251658240                              {pd product} {ergonomic}
     bool SegmentedCodeCache                       = true                                      {product} {ergonomic}
     bool UseCompressedClassPointers               = true                                 {lp64_product} {ergonomic}
     bool UseCompressedOops                        = true                                 {lp64_product} {ergonomic}
     bool UseG1GC                                  = true                                      {product} {ergonomic}
     bool UseLargePagesIndividualAllocation        = false                                  {pd product} {ergonomic}

Logging:
Log output configuration:
 #0: stdout all=warning uptime,level,tags
 #1: stderr all=off uptime,level,tags

Environment Variables:
PATH=C:\Program Files\Haskell\bin;C:\Program Files\Haskell Platform\8.4.3\lib\extralibs\bin;C:\Program Files\Haskell Platform\8.4.3\bin;C:\Program Files (x86)\Razer Chroma SDK\bin;C:\Program Files\Razer Chroma SDK\bin;C:\ProgramData\Oracle\Java\javapath;C:\WINDOWS\system32;C:\WINDOWS;C:\WINDOWS\System32\Wbem;C:\WINDOWS\System32\WindowsPowerShell\v1.0\;C:\Program Files (x86)\NVIDIA Corporation\PhysX\Common;C:\Program Files\WorldPainter;C:\Users\bwhet\.dnx\bin;C:\Program Files\Microsoft DNX\Dnvm\;C:\Program Files\Microsoft SQL Server\130\Tools\Binn\;C:\Program Files\LLVM\bin;C:\Users\bwhet\AppData\Local\Microsoft\WindowsApps;C:\MinGW\bin;C:\Users\bwhet\AppData\Local\atom\bin;%cygwin%\bin;C:\Program Files (x86)\Microsoft VS Code\bin;C:\Users\bwhet\AppData\Roaming\npm;C:\Program Files\R\R-3.3.3\bin;C:\Users\bwhet\AppData\Local\Programs\Python\Python36-32\;C:\WINDOWS\system32;C:\WINDOWS;C:\WINDOWS\System32\Wbem;C:\WINDOWS\System32\WindowsPowerShell\v1.0\;C:\Program Files\MATLAB\R2017b\bin;C:\Program Files (x86)\FDK\Tools\win;C:\Program Files\Git\cmd;C:\WINDOWS\System32\OpenSSH\;C:\Program Files\Haskell Platform\8.4.3\mingw\bin;C:\Program Files\nodejs\;C:\Program Files\dotnet\;C:\Program Files\NVIDIA Corporation\NVIDIA NvDLISR;C:\Users\bwhet\AppData\Roaming\cabal\bin;C:\Users\bwhet\AppData\Roaming\local\bin;C:\Users\bwhet\.cargo\bin;C:\Users\bwhet\AppData\Local\Microsoft\WindowsApps;C:\MinGW\bin;C:\Users\bwhet\AppData\Local\atom\bin;%cygwin%\bin;C:\Program Files\R\R-3.3.3\bin;C:\Users\bwhet\AppData\Local\Programs\Python\Python36-32\;C:\Users\bwhet\AppData\Local\Microsoft\WindowsApps;C:\Program Files\Microsoft VS Code\bin;C:\Program Files (x86)\platform-tools;C:\Users\bwhet\AppData\Roaming\npm;C:\Program Files\heroku\bin;C:\Users\bwhet\AppData\Local\Programs\Microsoft VS Code\bin
USERNAME=bwhet
OS=Windows_NT
PROCESSOR_IDENTIFIER=Intel64 Family 6 Model 60 Stepping 3, GenuineIntel



---------------  S Y S T E M  ---------------

OS: Windows 10 , 64 bit Build 17134 (10.0.17134.556)

CPU:total 4 (initial active 4) (4 cores per cpu, 1 threads per core) family 6 model 60 stepping 3, cmov, cx8, fxsr, mmx, sse, sse2, sse3, ssse3, sse4.1, sse4.2, popcnt, avx, avx2, aes, clmul, erms, lzcnt, tsc, tscinvbit, bmi1, bmi2, fma

Memory: 4k page, system-wide physical 16325M (6800M free)
TotalPageFile size 32197M (AvailPageFile size 14753M)
current process WorkingSet (physical memory assigned to process): 104M, peak: 104M
current process commit charge ("private bytes"): 379M, peak: 379M

vm_info: Java HotSpot(TM) 64-Bit Server VM (11.0.2+9-LTS) for windows-amd64 JRE (11.0.2+9-LTS), built on Jan 18 2019 05:24:10 by "mach5one" with MS VC++ 15.5 (VS2017)

END.
