#
# A fatal error has been detected by the Java Runtime Environment:
#
#  EXCEPTION_ACCESS_VIOLATION (0xc0000005) at pc=0x0000000052ea8cf0, pid=16576, tid=5752
#
# JRE version: Java(TM) SE Runtime Environment (11.0.2+9) (build 11.0.2+9-LTS)
# Java VM: Java HotSpot(TM) 64-Bit Server VM (11.0.2+9-LTS, mixed mode, tiered, compressed oops, g1 gc, windows-amd64)
# Problematic frame:
# C  [nvoglv64.dll+0xea8cf0]
#
# No core dump will be written. Minidumps are not enabled by default on client versions of Windows
#
# If you would like to submit a bug report, please visit:
#   http://bugreport.java.com/bugreport/crash.jsp
# The crash happened outside the Java Virtual Machine in native code.
# See problematic frame for where to report the bug.
#

---------------  S U M M A R Y ------------

Command Line: -javaagent:C:\Users\bwhet\AppData\Local\JetBrains\Toolbox\apps\IDEA-C\ch-0\183.5429.30\lib\idea_rt.jar=57029:C:\Users\bwhet\AppData\Local\JetBrains\Toolbox\apps\IDEA-C\ch-0\183.5429.30\bin -Dfile.encoding=UTF-8 com.bwh.lwjglengine.Main

Host: Intel(R) Core(TM) i5-4690K CPU @ 3.50GHz, 4 cores, 15G,  Windows 10 , 64 bit Build 17134 (10.0.17134.556)
Time: Sun Mar  3 20:01:12 2019 Eastern Standard Time elapsed time: 1 seconds (0d 0h 0m 1s)

---------------  T H R E A D  ---------------

Current thread (0x000001c1458e9000):  JavaThread "main" [_thread_in_native, id=5752, stack(0x0000006a00d00000,0x0000006a00e00000)]

Stack: [0x0000006a00d00000,0x0000006a00e00000],  sp=0x0000006a00dfedf8,  free space=1019k
Native frames: (J=compiled Java code, j=interpreted, Vv=VM code, C=native code)
C  [nvoglv64.dll+0xea8cf0]

Java frames: (J=compiled Java code, j=interpreted, Vv=VM code)
j  org.lwjgl.opengl.GL11C.nglDrawElements(IIIJ)V+0
j  org.lwjgl.opengl.GL11C.glDrawElements(IIIJ)V+4
j  org.lwjgl.opengl.GL11.glDrawElements(IIIJ)V+4
j  com.bwh.lwjglengine.graphics.Mesh.render()V+20
j  com.bwh.lwjglengine.Main.render()V+40
j  com.bwh.lwjglengine.engine.GameEngine.loop()V+59
j  com.bwh.lwjglengine.engine.GameEngine.run()V+19
j  com.bwh.lwjglengine.engine.GameEngine.start()V+7
j  com.bwh.lwjglengine.Main.main([Ljava/lang/String;)V+9
v  ~StubRoutines::call_stub

siginfo: EXCEPTION_ACCESS_VIOLATION (0xc0000005), reading address 0x0000000000000000


Register to memory mapping:

RIP=0x0000000052ea8cf0 nvoglv64.dll
RAX=0x000001c173716990 points into unknown readable memory: 00 00 00 00 00 00 00 00
RBX=0x000001c173716974 points into unknown readable memory: 06 c0 01 00
RCX=0x0000000052ea8cf0 nvoglv64.dll
RDX=0x0 is NULL
RSP=0x0000006a00dfedf8 is pointing into the stack for thread: 0x000001c1458e9000
RBP=0x0000000000000038 is an unknown value
RSI=0x0000000000000003 is an unknown value
RDI=0x000001c16ad20080 points into unknown readable memory: 00 00 00 00 00 00 00 00
R8 =0x000000000000000c is an unknown value
R9 =0x0000000052000000 nvoglv64.dll
R10=0x0 is NULL
R11=0x000001c173716990 points into unknown readable memory: 00 00 00 00 00 00 00 00
R12=0x0000000000000004 is an unknown value
R13=0x0000000000001405 is an unknown value
R14=0x0 is NULL
R15=0x000001c1458e9000 is a thread


Registers:
RAX=0x000001c173716990, RBX=0x000001c173716974, RCX=0x0000000052ea8cf0, RDX=0x0000000000000000
RSP=0x0000006a00dfedf8, RBP=0x0000000000000038, RSI=0x0000000000000003, RDI=0x000001c16ad20080
R8 =0x000000000000000c, R9 =0x0000000052000000, R10=0x0000000000000000, R11=0x000001c173716990
R12=0x0000000000000004, R13=0x0000000000001405, R14=0x0000000000000000, R15=0x000001c1458e9000
RIP=0x0000000052ea8cf0, EFLAGS=0x0000000000010206

Top of Stack: (sp=0x0000006a00dfedf8)
0x0000006a00dfedf8:   000000005263934c 000001c1458e9000
0x0000006a00dfee08:   000001c1458e9000 000001c14362c1f0
0x0000006a00dfee18:   00007ffad43e9f63 0000006a00dff5d0
0x0000006a00dfee28:   0000000000000140 0000000000000140
0x0000006a00dfee38:   000001c14dc5bfbf 000001c1769dc9e8
0x0000006a00dfee48:   000001c1458e9000 000001c14dc19e67
0x0000006a00dfee58:   000001c14dc1ef00 0000006a00dfef68
0x0000006a00dfee68:   000001c1769dc9e8 0000000000000000
0x0000006a00dfee78:   000001c14dc19e67 0000000000000140
0x0000006a00dfee88:   000001c14dc1f0b7 0000006a00dfef28
0x0000006a00dfee98:   00007ffa0000000c 000001c1458e9000
0x0000006a00dfeea8:   000001c1769dc9e8 000001c100001405
0x0000006a00dfeeb8:   0000000000000000 0000000000000140
0x0000006a00dfeec8:   00007ffad4647274 3ff0000000000000
0x0000006a00dfeed8:   000001c14dc1ed56 0000006a00dfeee0
0x0000006a00dfeee8:   000001c1769dc9e8 0000006a00dfef68 

Instructions: (pc=0x0000000052ea8cf0)
0x0000000052ea8cd0:   4c 8b 02 0f b6 4a 08 4c 89 00 88 48 08 c3 66 90
0x0000000052ea8ce0:   4c 8b 02 0f b7 4a 08 4c 89 00 66 89 48 08 c3 90
0x0000000052ea8cf0:   4c 8b 02 8b 4a 08 4c 89 00 89 48 08 c3 0f 1f 00
0x0000000052ea8d00:   4c 8b 02 8b 4a 08 44 0f b7 4a 0c 4c 89 00 89 48 


Stack slot to memory mapping:
stack at sp + 0 slots: 0x000000005263934c nvoglv64.dll
stack at sp + 1 slots: 0x000001c1458e9000 is a thread
stack at sp + 2 slots: 0x000001c1458e9000 is a thread
stack at sp + 3 slots: 0x000001c14362c1f0 points into unknown readable memory: 02 00 00 00 70 00 65 00
stack at sp + 4 slots: 0x00007ffad43e9f63 jvm.dll
stack at sp + 5 slots: 0x0000006a00dff5d0 is pointing into the stack for thread: 0x000001c1458e9000
stack at sp + 6 slots: 0x0000000000000140 is an unknown value
stack at sp + 7 slots: 0x0000000000000140 is an unknown value


---------------  P R O C E S S  ---------------

Threads class SMR info:
_java_thread_list=0x000001c16944b5f0, length=11, elements={
0x000001c1458e9000, 0x000001c1688dd800, 0x000001c1688d3000, 0x000001c1691e4800,
0x000001c1688e4000, 0x000001c1688e6800, 0x000001c169198000, 0x000001c1688ea000,
0x000001c169170800, 0x000001c169632800, 0x000001c1696de000
}

Java Threads: ( => current thread )
=>0x000001c1458e9000 JavaThread "main" [_thread_in_native, id=5752, stack(0x0000006a00d00000,0x0000006a00e00000)]
  0x000001c1688dd800 JavaThread "Reference Handler" daemon [_thread_blocked, id=2360, stack(0x0000006a01400000,0x0000006a01500000)]
  0x000001c1688d3000 JavaThread "Finalizer" daemon [_thread_blocked, id=4412, stack(0x0000006a01500000,0x0000006a01600000)]
  0x000001c1691e4800 JavaThread "Signal Dispatcher" daemon [_thread_blocked, id=15572, stack(0x0000006a01600000,0x0000006a01700000)]
  0x000001c1688e4000 JavaThread "Attach Listener" daemon [_thread_blocked, id=12328, stack(0x0000006a01700000,0x0000006a01800000)]
  0x000001c1688e6800 JavaThread "C2 CompilerThread0" daemon [_thread_blocked, id=16400, stack(0x0000006a01800000,0x0000006a01900000)]
  0x000001c169198000 JavaThread "C1 CompilerThread0" daemon [_thread_blocked, id=15220, stack(0x0000006a01900000,0x0000006a01a00000)]
  0x000001c1688ea000 JavaThread "Sweeper thread" daemon [_thread_blocked, id=17000, stack(0x0000006a01a00000,0x0000006a01b00000)]
  0x000001c169170800 JavaThread "Common-Cleaner" daemon [_thread_blocked, id=6900, stack(0x0000006a01b00000,0x0000006a01c00000)]
  0x000001c169632800 JavaThread "Monitor Ctrl-Break" daemon [_thread_in_native, id=6868, stack(0x0000006a01c00000,0x0000006a01d00000)]
  0x000001c1696de000 JavaThread "Service Thread" daemon [_thread_blocked, id=17820, stack(0x0000006a01d00000,0x0000006a01e00000)]

Other Threads:
  0x000001c1688c7800 VMThread "VM Thread" [stack: 0x0000006a01300000,0x0000006a01400000] [id=15908]
  0x000001c1696e7000 WatcherThread [stack: 0x0000006a01e00000,0x0000006a01f00000] [id=14964]
  0x000001c145901800 GCTaskThread "GC Thread#0" [stack: 0x0000006a00e00000,0x0000006a00f00000] [id=5320]
  0x000001c1739d2800 GCTaskThread "GC Thread#1" [stack: 0x0000006a02500000,0x0000006a02600000] [id=7964]
  0x000001c173898000 GCTaskThread "GC Thread#2" [stack: 0x0000006a02600000,0x0000006a02700000] [id=12124]
  0x000001c173899000 GCTaskThread "GC Thread#3" [stack: 0x0000006a02700000,0x0000006a02800000] [id=16212]
  0x000001c14595f800 ConcurrentGCThread "G1 Main Marker" [stack: 0x0000006a00f00000,0x0000006a01000000] [id=15912]
  0x000001c145961000 ConcurrentGCThread "G1 Conc#0" [stack: 0x0000006a01000000,0x0000006a01100000] [id=17492]
  0x000001c1687ab800 ConcurrentGCThread "G1 Refine#0" [stack: 0x0000006a01100000,0x0000006a01200000] [id=8232]
  0x000001c1687ac800 ConcurrentGCThread "G1 Young RemSet Sampling" [stack: 0x0000006a01200000,0x0000006a01300000] [id=10156]

Threads with active compile tasks:

VM state:not at safepoint (normal execution)

VM Mutex/Monitor currently owned by a thread: None

Heap address: 0x0000000700e00000, size: 4082 MB, Compressed Oops mode: Zero based, Oop shift amount: 3
Narrow klass base: 0x0000000800000000, Narrow klass shift: 0
Compressed class space size: 1073741824 Address: 0x0000000800000000

Heap:
 garbage-first heap   total 262144K, used 6681K [0x0000000700e00000, 0x0000000800000000)
  region size 1024K, 7 young (7168K), 2 survivors (2048K)
 Metaspace       used 13409K, capacity 13633K, committed 13952K, reserved 1062912K
  class space    used 977K, capacity 1041K, committed 1152K, reserved 1048576K
Heap Regions: E=young(eden), S=young(survivor), O=old, HS=humongous(starts), HC=humongous(continues), CS=collection set, F=free, A=archive, TAMS=top-at-mark-start (previous, next)
|   0|0x0000000700e00000, 0x0000000700e86400, 0x0000000700f00000| 52%| O|  |TAMS 0x0000000700e00000, 0x0000000700e00000| Untracked 
|   1|0x0000000700f00000, 0x0000000700f00000, 0x0000000701000000|  0%| F|  |TAMS 0x0000000700f00000, 0x0000000700f00000| Untracked 
|   2|0x0000000701000000, 0x0000000701000000, 0x0000000701100000|  0%| F|  |TAMS 0x0000000701000000, 0x0000000701000000| Untracked 
|   3|0x0000000701100000, 0x0000000701100000, 0x0000000701200000|  0%| F|  |TAMS 0x0000000701100000, 0x0000000701100000| Untracked 
|   4|0x0000000701200000, 0x0000000701200000, 0x0000000701300000|  0%| F|  |TAMS 0x0000000701200000, 0x0000000701200000| Untracked 
|   5|0x0000000701300000, 0x0000000701300000, 0x0000000701400000|  0%| F|  |TAMS 0x0000000701300000, 0x0000000701300000| Untracked 
|   6|0x0000000701400000, 0x0000000701400000, 0x0000000701500000|  0%| F|  |TAMS 0x0000000701400000, 0x0000000701400000| Untracked 
|   7|0x0000000701500000, 0x0000000701500000, 0x0000000701600000|  0%| F|  |TAMS 0x0000000701500000, 0x0000000701500000| Untracked 
|   8|0x0000000701600000, 0x0000000701600000, 0x0000000701700000|  0%| F|  |TAMS 0x0000000701600000, 0x0000000701600000| Untracked 
|   9|0x0000000701700000, 0x0000000701700000, 0x0000000701800000|  0%| F|  |TAMS 0x0000000701700000, 0x0000000701700000| Untracked 
|  10|0x0000000701800000, 0x0000000701800000, 0x0000000701900000|  0%| F|  |TAMS 0x0000000701800000, 0x0000000701800000| Untracked 
|  11|0x0000000701900000, 0x0000000701900000, 0x0000000701a00000|  0%| F|  |TAMS 0x0000000701900000, 0x0000000701900000| Untracked 
|  12|0x0000000701a00000, 0x0000000701a00000, 0x0000000701b00000|  0%| F|  |TAMS 0x0000000701a00000, 0x0000000701a00000| Untracked 
|  13|0x0000000701b00000, 0x0000000701b00000, 0x0000000701c00000|  0%| F|  |TAMS 0x0000000701b00000, 0x0000000701b00000| Untracked 
|  14|0x0000000701c00000, 0x0000000701c00000, 0x0000000701d00000|  0%| F|  |TAMS 0x0000000701c00000, 0x0000000701c00000| Untracked 
|  15|0x0000000701d00000, 0x0000000701d00000, 0x0000000701e00000|  0%| F|  |TAMS 0x0000000701d00000, 0x0000000701d00000| Untracked 
|  16|0x0000000701e00000, 0x0000000701e00000, 0x0000000701f00000|  0%| F|  |TAMS 0x0000000701e00000, 0x0000000701e00000| Untracked 
|  17|0x0000000701f00000, 0x0000000701f00000, 0x0000000702000000|  0%| F|  |TAMS 0x0000000701f00000, 0x0000000701f00000| Untracked 
|  18|0x0000000702000000, 0x0000000702000000, 0x0000000702100000|  0%| F|  |TAMS 0x0000000702000000, 0x0000000702000000| Untracked 
|  19|0x0000000702100000, 0x0000000702100000, 0x0000000702200000|  0%| F|  |TAMS 0x0000000702100000, 0x0000000702100000| Untracked 
|  20|0x0000000702200000, 0x0000000702200000, 0x0000000702300000|  0%| F|  |TAMS 0x0000000702200000, 0x0000000702200000| Untracked 
|  21|0x0000000702300000, 0x0000000702300000, 0x0000000702400000|  0%| F|  |TAMS 0x0000000702300000, 0x0000000702300000| Untracked 
|  22|0x0000000702400000, 0x0000000702400000, 0x0000000702500000|  0%| F|  |TAMS 0x0000000702400000, 0x0000000702400000| Untracked 
|  23|0x0000000702500000, 0x0000000702500000, 0x0000000702600000|  0%| F|  |TAMS 0x0000000702500000, 0x0000000702500000| Untracked 
|  24|0x0000000702600000, 0x0000000702600000, 0x0000000702700000|  0%| F|  |TAMS 0x0000000702600000, 0x0000000702600000| Untracked 
|  25|0x0000000702700000, 0x0000000702700000, 0x0000000702800000|  0%| F|  |TAMS 0x0000000702700000, 0x0000000702700000| Untracked 
|  26|0x0000000702800000, 0x0000000702800000, 0x0000000702900000|  0%| F|  |TAMS 0x0000000702800000, 0x0000000702800000| Untracked 
|  27|0x0000000702900000, 0x0000000702900000, 0x0000000702a00000|  0%| F|  |TAMS 0x0000000702900000, 0x0000000702900000| Untracked 
|  28|0x0000000702a00000, 0x0000000702a00000, 0x0000000702b00000|  0%| F|  |TAMS 0x0000000702a00000, 0x0000000702a00000| Untracked 
|  29|0x0000000702b00000, 0x0000000702b00000, 0x0000000702c00000|  0%| F|  |TAMS 0x0000000702b00000, 0x0000000702b00000| Untracked 
|  30|0x0000000702c00000, 0x0000000702c00000, 0x0000000702d00000|  0%| F|  |TAMS 0x0000000702c00000, 0x0000000702c00000| Untracked 
|  31|0x0000000702d00000, 0x0000000702d00000, 0x0000000702e00000|  0%| F|  |TAMS 0x0000000702d00000, 0x0000000702d00000| Untracked 
|  32|0x0000000702e00000, 0x0000000702e00000, 0x0000000702f00000|  0%| F|  |TAMS 0x0000000702e00000, 0x0000000702e00000| Untracked 
|  33|0x0000000702f00000, 0x0000000702f00000, 0x0000000703000000|  0%| F|  |TAMS 0x0000000702f00000, 0x0000000702f00000| Untracked 
|  34|0x0000000703000000, 0x0000000703000000, 0x0000000703100000|  0%| F|  |TAMS 0x0000000703000000, 0x0000000703000000| Untracked 
|  35|0x0000000703100000, 0x0000000703100000, 0x0000000703200000|  0%| F|  |TAMS 0x0000000703100000, 0x0000000703100000| Untracked 
|  36|0x0000000703200000, 0x0000000703200000, 0x0000000703300000|  0%| F|  |TAMS 0x0000000703200000, 0x0000000703200000| Untracked 
|  37|0x0000000703300000, 0x0000000703300000, 0x0000000703400000|  0%| F|  |TAMS 0x0000000703300000, 0x0000000703300000| Untracked 
|  38|0x0000000703400000, 0x0000000703400000, 0x0000000703500000|  0%| F|  |TAMS 0x0000000703400000, 0x0000000703400000| Untracked 
|  39|0x0000000703500000, 0x0000000703500000, 0x0000000703600000|  0%| F|  |TAMS 0x0000000703500000, 0x0000000703500000| Untracked 
|  40|0x0000000703600000, 0x0000000703600000, 0x0000000703700000|  0%| F|  |TAMS 0x0000000703600000, 0x0000000703600000| Untracked 
|  41|0x0000000703700000, 0x0000000703700000, 0x0000000703800000|  0%| F|  |TAMS 0x0000000703700000, 0x0000000703700000| Untracked 
|  42|0x0000000703800000, 0x0000000703800000, 0x0000000703900000|  0%| F|  |TAMS 0x0000000703800000, 0x0000000703800000| Untracked 
|  43|0x0000000703900000, 0x0000000703900000, 0x0000000703a00000|  0%| F|  |TAMS 0x0000000703900000, 0x0000000703900000| Untracked 
|  44|0x0000000703a00000, 0x0000000703a00000, 0x0000000703b00000|  0%| F|  |TAMS 0x0000000703a00000, 0x0000000703a00000| Untracked 
|  45|0x0000000703b00000, 0x0000000703b00000, 0x0000000703c00000|  0%| F|  |TAMS 0x0000000703b00000, 0x0000000703b00000| Untracked 
|  46|0x0000000703c00000, 0x0000000703c00000, 0x0000000703d00000|  0%| F|  |TAMS 0x0000000703c00000, 0x0000000703c00000| Untracked 
|  47|0x0000000703d00000, 0x0000000703d00000, 0x0000000703e00000|  0%| F|  |TAMS 0x0000000703d00000, 0x0000000703d00000| Untracked 
|  48|0x0000000703e00000, 0x0000000703e00000, 0x0000000703f00000|  0%| F|  |TAMS 0x0000000703e00000, 0x0000000703e00000| Untracked 
|  49|0x0000000703f00000, 0x0000000703f00000, 0x0000000704000000|  0%| F|  |TAMS 0x0000000703f00000, 0x0000000703f00000| Untracked 
|  50|0x0000000704000000, 0x0000000704000000, 0x0000000704100000|  0%| F|  |TAMS 0x0000000704000000, 0x0000000704000000| Untracked 
|  51|0x0000000704100000, 0x0000000704100000, 0x0000000704200000|  0%| F|  |TAMS 0x0000000704100000, 0x0000000704100000| Untracked 
|  52|0x0000000704200000, 0x0000000704200000, 0x0000000704300000|  0%| F|  |TAMS 0x0000000704200000, 0x0000000704200000| Untracked 
|  53|0x0000000704300000, 0x0000000704300000, 0x0000000704400000|  0%| F|  |TAMS 0x0000000704300000, 0x0000000704300000| Untracked 
|  54|0x0000000704400000, 0x0000000704400000, 0x0000000704500000|  0%| F|  |TAMS 0x0000000704400000, 0x0000000704400000| Untracked 
|  55|0x0000000704500000, 0x0000000704500000, 0x0000000704600000|  0%| F|  |TAMS 0x0000000704500000, 0x0000000704500000| Untracked 
|  56|0x0000000704600000, 0x0000000704600000, 0x0000000704700000|  0%| F|  |TAMS 0x0000000704600000, 0x0000000704600000| Untracked 
|  57|0x0000000704700000, 0x0000000704700000, 0x0000000704800000|  0%| F|  |TAMS 0x0000000704700000, 0x0000000704700000| Untracked 
|  58|0x0000000704800000, 0x0000000704800000, 0x0000000704900000|  0%| F|  |TAMS 0x0000000704800000, 0x0000000704800000| Untracked 
|  59|0x0000000704900000, 0x0000000704900000, 0x0000000704a00000|  0%| F|  |TAMS 0x0000000704900000, 0x0000000704900000| Untracked 
|  60|0x0000000704a00000, 0x0000000704a00000, 0x0000000704b00000|  0%| F|  |TAMS 0x0000000704a00000, 0x0000000704a00000| Untracked 
|  61|0x0000000704b00000, 0x0000000704b00000, 0x0000000704c00000|  0%| F|  |TAMS 0x0000000704b00000, 0x0000000704b00000| Untracked 
|  62|0x0000000704c00000, 0x0000000704c00000, 0x0000000704d00000|  0%| F|  |TAMS 0x0000000704c00000, 0x0000000704c00000| Untracked 
|  63|0x0000000704d00000, 0x0000000704d00000, 0x0000000704e00000|  0%| F|  |TAMS 0x0000000704d00000, 0x0000000704d00000| Untracked 
|  64|0x0000000704e00000, 0x0000000704e00000, 0x0000000704f00000|  0%| F|  |TAMS 0x0000000704e00000, 0x0000000704e00000| Untracked 
|  65|0x0000000704f00000, 0x0000000704f00000, 0x0000000705000000|  0%| F|  |TAMS 0x0000000704f00000, 0x0000000704f00000| Untracked 
|  66|0x0000000705000000, 0x0000000705000000, 0x0000000705100000|  0%| F|  |TAMS 0x0000000705000000, 0x0000000705000000| Untracked 
|  67|0x0000000705100000, 0x0000000705100000, 0x0000000705200000|  0%| F|  |TAMS 0x0000000705100000, 0x0000000705100000| Untracked 
|  68|0x0000000705200000, 0x0000000705200000, 0x0000000705300000|  0%| F|  |TAMS 0x0000000705200000, 0x0000000705200000| Untracked 
|  69|0x0000000705300000, 0x0000000705300000, 0x0000000705400000|  0%| F|  |TAMS 0x0000000705300000, 0x0000000705300000| Untracked 
|  70|0x0000000705400000, 0x0000000705400000, 0x0000000705500000|  0%| F|  |TAMS 0x0000000705400000, 0x0000000705400000| Untracked 
|  71|0x0000000705500000, 0x0000000705500000, 0x0000000705600000|  0%| F|  |TAMS 0x0000000705500000, 0x0000000705500000| Untracked 
|  72|0x0000000705600000, 0x0000000705600000, 0x0000000705700000|  0%| F|  |TAMS 0x0000000705600000, 0x0000000705600000| Untracked 
|  73|0x0000000705700000, 0x0000000705700000, 0x0000000705800000|  0%| F|  |TAMS 0x0000000705700000, 0x0000000705700000| Untracked 
|  74|0x0000000705800000, 0x0000000705800000, 0x0000000705900000|  0%| F|  |TAMS 0x0000000705800000, 0x0000000705800000| Untracked 
|  75|0x0000000705900000, 0x0000000705900000, 0x0000000705a00000|  0%| F|  |TAMS 0x0000000705900000, 0x0000000705900000| Untracked 
|  76|0x0000000705a00000, 0x0000000705a00000, 0x0000000705b00000|  0%| F|  |TAMS 0x0000000705a00000, 0x0000000705a00000| Untracked 
|  77|0x0000000705b00000, 0x0000000705b00000, 0x0000000705c00000|  0%| F|  |TAMS 0x0000000705b00000, 0x0000000705b00000| Untracked 
|  78|0x0000000705c00000, 0x0000000705c00000, 0x0000000705d00000|  0%| F|  |TAMS 0x0000000705c00000, 0x0000000705c00000| Untracked 
|  79|0x0000000705d00000, 0x0000000705d00000, 0x0000000705e00000|  0%| F|  |TAMS 0x0000000705d00000, 0x0000000705d00000| Untracked 
|  80|0x0000000705e00000, 0x0000000705e00000, 0x0000000705f00000|  0%| F|  |TAMS 0x0000000705e00000, 0x0000000705e00000| Untracked 
|  81|0x0000000705f00000, 0x0000000705f00000, 0x0000000706000000|  0%| F|  |TAMS 0x0000000705f00000, 0x0000000705f00000| Untracked 
|  82|0x0000000706000000, 0x0000000706000000, 0x0000000706100000|  0%| F|  |TAMS 0x0000000706000000, 0x0000000706000000| Untracked 
|  83|0x0000000706100000, 0x0000000706100000, 0x0000000706200000|  0%| F|  |TAMS 0x0000000706100000, 0x0000000706100000| Untracked 
|  84|0x0000000706200000, 0x0000000706200000, 0x0000000706300000|  0%| F|  |TAMS 0x0000000706200000, 0x0000000706200000| Untracked 
|  85|0x0000000706300000, 0x0000000706300000, 0x0000000706400000|  0%| F|  |TAMS 0x0000000706300000, 0x0000000706300000| Untracked 
|  86|0x0000000706400000, 0x0000000706400000, 0x0000000706500000|  0%| F|  |TAMS 0x0000000706400000, 0x0000000706400000| Untracked 
|  87|0x0000000706500000, 0x0000000706500000, 0x0000000706600000|  0%| F|  |TAMS 0x0000000706500000, 0x0000000706500000| Untracked 
|  88|0x0000000706600000, 0x0000000706600000, 0x0000000706700000|  0%| F|  |TAMS 0x0000000706600000, 0x0000000706600000| Untracked 
|  89|0x0000000706700000, 0x0000000706700000, 0x0000000706800000|  0%| F|  |TAMS 0x0000000706700000, 0x0000000706700000| Untracked 
|  90|0x0000000706800000, 0x0000000706800000, 0x0000000706900000|  0%| F|  |TAMS 0x0000000706800000, 0x0000000706800000| Untracked 
|  91|0x0000000706900000, 0x0000000706900000, 0x0000000706a00000|  0%| F|  |TAMS 0x0000000706900000, 0x0000000706900000| Untracked 
|  92|0x0000000706a00000, 0x0000000706a00000, 0x0000000706b00000|  0%| F|  |TAMS 0x0000000706a00000, 0x0000000706a00000| Untracked 
|  93|0x0000000706b00000, 0x0000000706b00000, 0x0000000706c00000|  0%| F|  |TAMS 0x0000000706b00000, 0x0000000706b00000| Untracked 
|  94|0x0000000706c00000, 0x0000000706c00000, 0x0000000706d00000|  0%| F|  |TAMS 0x0000000706c00000, 0x0000000706c00000| Untracked 
|  95|0x0000000706d00000, 0x0000000706d00000, 0x0000000706e00000|  0%| F|  |TAMS 0x0000000706d00000, 0x0000000706d00000| Untracked 
|  96|0x0000000706e00000, 0x0000000706e00000, 0x0000000706f00000|  0%| F|  |TAMS 0x0000000706e00000, 0x0000000706e00000| Untracked 
|  97|0x0000000706f00000, 0x0000000706f00000, 0x0000000707000000|  0%| F|  |TAMS 0x0000000706f00000, 0x0000000706f00000| Untracked 
|  98|0x0000000707000000, 0x0000000707000000, 0x0000000707100000|  0%| F|  |TAMS 0x0000000707000000, 0x0000000707000000| Untracked 
|  99|0x0000000707100000, 0x0000000707100000, 0x0000000707200000|  0%| F|  |TAMS 0x0000000707100000, 0x0000000707100000| Untracked 
| 100|0x0000000707200000, 0x0000000707200000, 0x0000000707300000|  0%| F|  |TAMS 0x0000000707200000, 0x0000000707200000| Untracked 
| 101|0x0000000707300000, 0x0000000707300000, 0x0000000707400000|  0%| F|  |TAMS 0x0000000707300000, 0x0000000707300000| Untracked 
| 102|0x0000000707400000, 0x0000000707400000, 0x0000000707500000|  0%| F|  |TAMS 0x0000000707400000, 0x0000000707400000| Untracked 
| 103|0x0000000707500000, 0x0000000707500000, 0x0000000707600000|  0%| F|  |TAMS 0x0000000707500000, 0x0000000707500000| Untracked 
| 104|0x0000000707600000, 0x0000000707600000, 0x0000000707700000|  0%| F|  |TAMS 0x0000000707600000, 0x0000000707600000| Untracked 
| 105|0x0000000707700000, 0x0000000707700000, 0x0000000707800000|  0%| F|  |TAMS 0x0000000707700000, 0x0000000707700000| Untracked 
| 106|0x0000000707800000, 0x0000000707800000, 0x0000000707900000|  0%| F|  |TAMS 0x0000000707800000, 0x0000000707800000| Untracked 
| 107|0x0000000707900000, 0x0000000707900000, 0x0000000707a00000|  0%| F|  |TAMS 0x0000000707900000, 0x0000000707900000| Untracked 
| 108|0x0000000707a00000, 0x0000000707a00000, 0x0000000707b00000|  0%| F|  |TAMS 0x0000000707a00000, 0x0000000707a00000| Untracked 
| 109|0x0000000707b00000, 0x0000000707b00000, 0x0000000707c00000|  0%| F|  |TAMS 0x0000000707b00000, 0x0000000707b00000| Untracked 
| 110|0x0000000707c00000, 0x0000000707c00000, 0x0000000707d00000|  0%| F|  |TAMS 0x0000000707c00000, 0x0000000707c00000| Untracked 
| 111|0x0000000707d00000, 0x0000000707d00000, 0x0000000707e00000|  0%| F|  |TAMS 0x0000000707d00000, 0x0000000707d00000| Untracked 
| 112|0x0000000707e00000, 0x0000000707e00000, 0x0000000707f00000|  0%| F|  |TAMS 0x0000000707e00000, 0x0000000707e00000| Untracked 
| 113|0x0000000707f00000, 0x0000000707f00000, 0x0000000708000000|  0%| F|  |TAMS 0x0000000707f00000, 0x0000000707f00000| Untracked 
| 114|0x0000000708000000, 0x0000000708000000, 0x0000000708100000|  0%| F|  |TAMS 0x0000000708000000, 0x0000000708000000| Untracked 
| 115|0x0000000708100000, 0x0000000708100000, 0x0000000708200000|  0%| F|  |TAMS 0x0000000708100000, 0x0000000708100000| Untracked 
| 116|0x0000000708200000, 0x0000000708200000, 0x0000000708300000|  0%| F|  |TAMS 0x0000000708200000, 0x0000000708200000| Untracked 
| 117|0x0000000708300000, 0x0000000708300000, 0x0000000708400000|  0%| F|  |TAMS 0x0000000708300000, 0x0000000708300000| Untracked 
| 118|0x0000000708400000, 0x0000000708400000, 0x0000000708500000|  0%| F|  |TAMS 0x0000000708400000, 0x0000000708400000| Untracked 
| 119|0x0000000708500000, 0x0000000708500000, 0x0000000708600000|  0%| F|  |TAMS 0x0000000708500000, 0x0000000708500000| Untracked 
| 120|0x0000000708600000, 0x0000000708600000, 0x0000000708700000|  0%| F|  |TAMS 0x0000000708600000, 0x0000000708600000| Untracked 
| 121|0x0000000708700000, 0x0000000708700000, 0x0000000708800000|  0%| F|  |TAMS 0x0000000708700000, 0x0000000708700000| Untracked 
| 122|0x0000000708800000, 0x0000000708800000, 0x0000000708900000|  0%| F|  |TAMS 0x0000000708800000, 0x0000000708800000| Untracked 
| 123|0x0000000708900000, 0x0000000708900000, 0x0000000708a00000|  0%| F|  |TAMS 0x0000000708900000, 0x0000000708900000| Untracked 
| 124|0x0000000708a00000, 0x0000000708a00000, 0x0000000708b00000|  0%| F|  |TAMS 0x0000000708a00000, 0x0000000708a00000| Untracked 
| 125|0x0000000708b00000, 0x0000000708b00000, 0x0000000708c00000|  0%| F|  |TAMS 0x0000000708b00000, 0x0000000708b00000| Untracked 
| 126|0x0000000708c00000, 0x0000000708c00000, 0x0000000708d00000|  0%| F|  |TAMS 0x0000000708c00000, 0x0000000708c00000| Untracked 
| 127|0x0000000708d00000, 0x0000000708d00000, 0x0000000708e00000|  0%| F|  |TAMS 0x0000000708d00000, 0x0000000708d00000| Untracked 
| 128|0x0000000708e00000, 0x0000000708e00000, 0x0000000708f00000|  0%| F|  |TAMS 0x0000000708e00000, 0x0000000708e00000| Untracked 
| 129|0x0000000708f00000, 0x0000000708f00000, 0x0000000709000000|  0%| F|  |TAMS 0x0000000708f00000, 0x0000000708f00000| Untracked 
| 130|0x0000000709000000, 0x0000000709000000, 0x0000000709100000|  0%| F|  |TAMS 0x0000000709000000, 0x0000000709000000| Untracked 
| 131|0x0000000709100000, 0x0000000709100000, 0x0000000709200000|  0%| F|  |TAMS 0x0000000709100000, 0x0000000709100000| Untracked 
| 132|0x0000000709200000, 0x0000000709200000, 0x0000000709300000|  0%| F|  |TAMS 0x0000000709200000, 0x0000000709200000| Untracked 
| 133|0x0000000709300000, 0x0000000709300000, 0x0000000709400000|  0%| F|  |TAMS 0x0000000709300000, 0x0000000709300000| Untracked 
| 134|0x0000000709400000, 0x0000000709400000, 0x0000000709500000|  0%| F|  |TAMS 0x0000000709400000, 0x0000000709400000| Untracked 
| 135|0x0000000709500000, 0x0000000709500000, 0x0000000709600000|  0%| F|  |TAMS 0x0000000709500000, 0x0000000709500000| Untracked 
| 136|0x0000000709600000, 0x0000000709600000, 0x0000000709700000|  0%| F|  |TAMS 0x0000000709600000, 0x0000000709600000| Untracked 
| 137|0x0000000709700000, 0x0000000709700000, 0x0000000709800000|  0%| F|  |TAMS 0x0000000709700000, 0x0000000709700000| Untracked 
| 138|0x0000000709800000, 0x0000000709800000, 0x0000000709900000|  0%| F|  |TAMS 0x0000000709800000, 0x0000000709800000| Untracked 
| 139|0x0000000709900000, 0x0000000709900000, 0x0000000709a00000|  0%| F|  |TAMS 0x0000000709900000, 0x0000000709900000| Untracked 
| 140|0x0000000709a00000, 0x0000000709a00000, 0x0000000709b00000|  0%| F|  |TAMS 0x0000000709a00000, 0x0000000709a00000| Untracked 
| 141|0x0000000709b00000, 0x0000000709b00000, 0x0000000709c00000|  0%| F|  |TAMS 0x0000000709b00000, 0x0000000709b00000| Untracked 
| 142|0x0000000709c00000, 0x0000000709c00000, 0x0000000709d00000|  0%| F|  |TAMS 0x0000000709c00000, 0x0000000709c00000| Untracked 
| 143|0x0000000709d00000, 0x0000000709d00000, 0x0000000709e00000|  0%| F|  |TAMS 0x0000000709d00000, 0x0000000709d00000| Untracked 
| 144|0x0000000709e00000, 0x0000000709e00000, 0x0000000709f00000|  0%| F|  |TAMS 0x0000000709e00000, 0x0000000709e00000| Untracked 
| 145|0x0000000709f00000, 0x0000000709f00000, 0x000000070a000000|  0%| F|  |TAMS 0x0000000709f00000, 0x0000000709f00000| Untracked 
| 146|0x000000070a000000, 0x000000070a000000, 0x000000070a100000|  0%| F|  |TAMS 0x000000070a000000, 0x000000070a000000| Untracked 
| 147|0x000000070a100000, 0x000000070a100000, 0x000000070a200000|  0%| F|  |TAMS 0x000000070a100000, 0x000000070a100000| Untracked 
| 148|0x000000070a200000, 0x000000070a200000, 0x000000070a300000|  0%| F|  |TAMS 0x000000070a200000, 0x000000070a200000| Untracked 
| 149|0x000000070a300000, 0x000000070a300000, 0x000000070a400000|  0%| F|  |TAMS 0x000000070a300000, 0x000000070a300000| Untracked 
| 150|0x000000070a400000, 0x000000070a400000, 0x000000070a500000|  0%| F|  |TAMS 0x000000070a400000, 0x000000070a400000| Untracked 
| 151|0x000000070a500000, 0x000000070a500000, 0x000000070a600000|  0%| F|  |TAMS 0x000000070a500000, 0x000000070a500000| Untracked 
| 152|0x000000070a600000, 0x000000070a600000, 0x000000070a700000|  0%| F|  |TAMS 0x000000070a600000, 0x000000070a600000| Untracked 
| 153|0x000000070a700000, 0x000000070a700000, 0x000000070a800000|  0%| F|  |TAMS 0x000000070a700000, 0x000000070a700000| Untracked 
| 154|0x000000070a800000, 0x000000070a800000, 0x000000070a900000|  0%| F|  |TAMS 0x000000070a800000, 0x000000070a800000| Untracked 
| 155|0x000000070a900000, 0x000000070a900000, 0x000000070aa00000|  0%| F|  |TAMS 0x000000070a900000, 0x000000070a900000| Untracked 
| 156|0x000000070aa00000, 0x000000070aa00000, 0x000000070ab00000|  0%| F|  |TAMS 0x000000070aa00000, 0x000000070aa00000| Untracked 
| 157|0x000000070ab00000, 0x000000070ab00000, 0x000000070ac00000|  0%| F|  |TAMS 0x000000070ab00000, 0x000000070ab00000| Untracked 
| 158|0x000000070ac00000, 0x000000070ac00000, 0x000000070ad00000|  0%| F|  |TAMS 0x000000070ac00000, 0x000000070ac00000| Untracked 
| 159|0x000000070ad00000, 0x000000070ad00000, 0x000000070ae00000|  0%| F|  |TAMS 0x000000070ad00000, 0x000000070ad00000| Untracked 
| 160|0x000000070ae00000, 0x000000070ae00000, 0x000000070af00000|  0%| F|  |TAMS 0x000000070ae00000, 0x000000070ae00000| Untracked 
| 161|0x000000070af00000, 0x000000070af00000, 0x000000070b000000|  0%| F|  |TAMS 0x000000070af00000, 0x000000070af00000| Untracked 
| 162|0x000000070b000000, 0x000000070b000000, 0x000000070b100000|  0%| F|  |TAMS 0x000000070b000000, 0x000000070b000000| Untracked 
| 163|0x000000070b100000, 0x000000070b100000, 0x000000070b200000|  0%| F|  |TAMS 0x000000070b100000, 0x000000070b100000| Untracked 
| 164|0x000000070b200000, 0x000000070b200000, 0x000000070b300000|  0%| F|  |TAMS 0x000000070b200000, 0x000000070b200000| Untracked 
| 165|0x000000070b300000, 0x000000070b300000, 0x000000070b400000|  0%| F|  |TAMS 0x000000070b300000, 0x000000070b300000| Untracked 
| 166|0x000000070b400000, 0x000000070b400000, 0x000000070b500000|  0%| F|  |TAMS 0x000000070b400000, 0x000000070b400000| Untracked 
| 167|0x000000070b500000, 0x000000070b500000, 0x000000070b600000|  0%| F|  |TAMS 0x000000070b500000, 0x000000070b500000| Untracked 
| 168|0x000000070b600000, 0x000000070b600000, 0x000000070b700000|  0%| F|  |TAMS 0x000000070b600000, 0x000000070b600000| Untracked 
| 169|0x000000070b700000, 0x000000070b700000, 0x000000070b800000|  0%| F|  |TAMS 0x000000070b700000, 0x000000070b700000| Untracked 
| 170|0x000000070b800000, 0x000000070b800000, 0x000000070b900000|  0%| F|  |TAMS 0x000000070b800000, 0x000000070b800000| Untracked 
| 171|0x000000070b900000, 0x000000070b900000, 0x000000070ba00000|  0%| F|  |TAMS 0x000000070b900000, 0x000000070b900000| Untracked 
| 172|0x000000070ba00000, 0x000000070ba00000, 0x000000070bb00000|  0%| F|  |TAMS 0x000000070ba00000, 0x000000070ba00000| Untracked 
| 173|0x000000070bb00000, 0x000000070bb00000, 0x000000070bc00000|  0%| F|  |TAMS 0x000000070bb00000, 0x000000070bb00000| Untracked 
| 174|0x000000070bc00000, 0x000000070bc00000, 0x000000070bd00000|  0%| F|  |TAMS 0x000000070bc00000, 0x000000070bc00000| Untracked 
| 175|0x000000070bd00000, 0x000000070bd00000, 0x000000070be00000|  0%| F|  |TAMS 0x000000070bd00000, 0x000000070bd00000| Untracked 
| 176|0x000000070be00000, 0x000000070be00000, 0x000000070bf00000|  0%| F|  |TAMS 0x000000070be00000, 0x000000070be00000| Untracked 
| 177|0x000000070bf00000, 0x000000070bf00000, 0x000000070c000000|  0%| F|  |TAMS 0x000000070bf00000, 0x000000070bf00000| Untracked 
| 178|0x000000070c000000, 0x000000070c000000, 0x000000070c100000|  0%| F|  |TAMS 0x000000070c000000, 0x000000070c000000| Untracked 
| 179|0x000000070c100000, 0x000000070c100000, 0x000000070c200000|  0%| F|  |TAMS 0x000000070c100000, 0x000000070c100000| Untracked 
| 180|0x000000070c200000, 0x000000070c200000, 0x000000070c300000|  0%| F|  |TAMS 0x000000070c200000, 0x000000070c200000| Untracked 
| 181|0x000000070c300000, 0x000000070c300000, 0x000000070c400000|  0%| F|  |TAMS 0x000000070c300000, 0x000000070c300000| Untracked 
| 182|0x000000070c400000, 0x000000070c400000, 0x000000070c500000|  0%| F|  |TAMS 0x000000070c400000, 0x000000070c400000| Untracked 
| 183|0x000000070c500000, 0x000000070c500000, 0x000000070c600000|  0%| F|  |TAMS 0x000000070c500000, 0x000000070c500000| Untracked 
| 184|0x000000070c600000, 0x000000070c600000, 0x000000070c700000|  0%| F|  |TAMS 0x000000070c600000, 0x000000070c600000| Untracked 
| 185|0x000000070c700000, 0x000000070c700000, 0x000000070c800000|  0%| F|  |TAMS 0x000000070c700000, 0x000000070c700000| Untracked 
| 186|0x000000070c800000, 0x000000070c800000, 0x000000070c900000|  0%| F|  |TAMS 0x000000070c800000, 0x000000070c800000| Untracked 
| 187|0x000000070c900000, 0x000000070c900000, 0x000000070ca00000|  0%| F|  |TAMS 0x000000070c900000, 0x000000070c900000| Untracked 
| 188|0x000000070ca00000, 0x000000070ca00000, 0x000000070cb00000|  0%| F|  |TAMS 0x000000070ca00000, 0x000000070ca00000| Untracked 
| 189|0x000000070cb00000, 0x000000070cb00000, 0x000000070cc00000|  0%| F|  |TAMS 0x000000070cb00000, 0x000000070cb00000| Untracked 
| 190|0x000000070cc00000, 0x000000070cc00000, 0x000000070cd00000|  0%| F|  |TAMS 0x000000070cc00000, 0x000000070cc00000| Untracked 
| 191|0x000000070cd00000, 0x000000070cd00000, 0x000000070ce00000|  0%| F|  |TAMS 0x000000070cd00000, 0x000000070cd00000| Untracked 
| 192|0x000000070ce00000, 0x000000070ce00000, 0x000000070cf00000|  0%| F|  |TAMS 0x000000070ce00000, 0x000000070ce00000| Untracked 
| 193|0x000000070cf00000, 0x000000070cf00000, 0x000000070d000000|  0%| F|  |TAMS 0x000000070cf00000, 0x000000070cf00000| Untracked 
| 194|0x000000070d000000, 0x000000070d000000, 0x000000070d100000|  0%| F|  |TAMS 0x000000070d000000, 0x000000070d000000| Untracked 
| 195|0x000000070d100000, 0x000000070d100000, 0x000000070d200000|  0%| F|  |TAMS 0x000000070d100000, 0x000000070d100000| Untracked 
| 196|0x000000070d200000, 0x000000070d200000, 0x000000070d300000|  0%| F|  |TAMS 0x000000070d200000, 0x000000070d200000| Untracked 
| 197|0x000000070d300000, 0x000000070d300000, 0x000000070d400000|  0%| F|  |TAMS 0x000000070d300000, 0x000000070d300000| Untracked 
| 198|0x000000070d400000, 0x000000070d400000, 0x000000070d500000|  0%| F|  |TAMS 0x000000070d400000, 0x000000070d400000| Untracked 
| 199|0x000000070d500000, 0x000000070d500000, 0x000000070d600000|  0%| F|  |TAMS 0x000000070d500000, 0x000000070d500000| Untracked 
| 200|0x000000070d600000, 0x000000070d600000, 0x000000070d700000|  0%| F|  |TAMS 0x000000070d600000, 0x000000070d600000| Untracked 
| 201|0x000000070d700000, 0x000000070d700000, 0x000000070d800000|  0%| F|  |TAMS 0x000000070d700000, 0x000000070d700000| Untracked 
| 202|0x000000070d800000, 0x000000070d800000, 0x000000070d900000|  0%| F|  |TAMS 0x000000070d800000, 0x000000070d800000| Untracked 
| 203|0x000000070d900000, 0x000000070d900000, 0x000000070da00000|  0%| F|  |TAMS 0x000000070d900000, 0x000000070d900000| Untracked 
| 204|0x000000070da00000, 0x000000070da00000, 0x000000070db00000|  0%| F|  |TAMS 0x000000070da00000, 0x000000070da00000| Untracked 
| 205|0x000000070db00000, 0x000000070db00000, 0x000000070dc00000|  0%| F|  |TAMS 0x000000070db00000, 0x000000070db00000| Untracked 
| 206|0x000000070dc00000, 0x000000070dc00000, 0x000000070dd00000|  0%| F|  |TAMS 0x000000070dc00000, 0x000000070dc00000| Untracked 
| 207|0x000000070dd00000, 0x000000070dd00000, 0x000000070de00000|  0%| F|  |TAMS 0x000000070dd00000, 0x000000070dd00000| Untracked 
| 208|0x000000070de00000, 0x000000070de00000, 0x000000070df00000|  0%| F|  |TAMS 0x000000070de00000, 0x000000070de00000| Untracked 
| 209|0x000000070df00000, 0x000000070df00000, 0x000000070e000000|  0%| F|  |TAMS 0x000000070df00000, 0x000000070df00000| Untracked 
| 210|0x000000070e000000, 0x000000070e000000, 0x000000070e100000|  0%| F|  |TAMS 0x000000070e000000, 0x000000070e000000| Untracked 
| 211|0x000000070e100000, 0x000000070e100000, 0x000000070e200000|  0%| F|  |TAMS 0x000000070e100000, 0x000000070e100000| Untracked 
| 212|0x000000070e200000, 0x000000070e200000, 0x000000070e300000|  0%| F|  |TAMS 0x000000070e200000, 0x000000070e200000| Untracked 
| 213|0x000000070e300000, 0x000000070e300000, 0x000000070e400000|  0%| F|  |TAMS 0x000000070e300000, 0x000000070e300000| Untracked 
| 214|0x000000070e400000, 0x000000070e400000, 0x000000070e500000|  0%| F|  |TAMS 0x000000070e400000, 0x000000070e400000| Untracked 
| 215|0x000000070e500000, 0x000000070e500000, 0x000000070e600000|  0%| F|  |TAMS 0x000000070e500000, 0x000000070e500000| Untracked 
| 216|0x000000070e600000, 0x000000070e600000, 0x000000070e700000|  0%| F|  |TAMS 0x000000070e600000, 0x000000070e600000| Untracked 
| 217|0x000000070e700000, 0x000000070e700000, 0x000000070e800000|  0%| F|  |TAMS 0x000000070e700000, 0x000000070e700000| Untracked 
| 218|0x000000070e800000, 0x000000070e800000, 0x000000070e900000|  0%| F|  |TAMS 0x000000070e800000, 0x000000070e800000| Untracked 
| 219|0x000000070e900000, 0x000000070e900000, 0x000000070ea00000|  0%| F|  |TAMS 0x000000070e900000, 0x000000070e900000| Untracked 
| 220|0x000000070ea00000, 0x000000070ea00000, 0x000000070eb00000|  0%| F|  |TAMS 0x000000070ea00000, 0x000000070ea00000| Untracked 
| 221|0x000000070eb00000, 0x000000070eb00000, 0x000000070ec00000|  0%| F|  |TAMS 0x000000070eb00000, 0x000000070eb00000| Untracked 
| 222|0x000000070ec00000, 0x000000070ec00000, 0x000000070ed00000|  0%| F|  |TAMS 0x000000070ec00000, 0x000000070ec00000| Untracked 
| 223|0x000000070ed00000, 0x000000070ed00000, 0x000000070ee00000|  0%| F|  |TAMS 0x000000070ed00000, 0x000000070ed00000| Untracked 
| 224|0x000000070ee00000, 0x000000070ee00000, 0x000000070ef00000|  0%| F|  |TAMS 0x000000070ee00000, 0x000000070ee00000| Untracked 
| 225|0x000000070ef00000, 0x000000070ef00000, 0x000000070f000000|  0%| F|  |TAMS 0x000000070ef00000, 0x000000070ef00000| Untracked 
| 226|0x000000070f000000, 0x000000070f000000, 0x000000070f100000|  0%| F|  |TAMS 0x000000070f000000, 0x000000070f000000| Untracked 
| 227|0x000000070f100000, 0x000000070f100000, 0x000000070f200000|  0%| F|  |TAMS 0x000000070f100000, 0x000000070f100000| Untracked 
| 228|0x000000070f200000, 0x000000070f200000, 0x000000070f300000|  0%| F|  |TAMS 0x000000070f200000, 0x000000070f200000| Untracked 
| 229|0x000000070f300000, 0x000000070f300000, 0x000000070f400000|  0%| F|  |TAMS 0x000000070f300000, 0x000000070f300000| Untracked 
| 230|0x000000070f400000, 0x000000070f400000, 0x000000070f500000|  0%| F|  |TAMS 0x000000070f400000, 0x000000070f400000| Untracked 
| 231|0x000000070f500000, 0x000000070f500000, 0x000000070f600000|  0%| F|  |TAMS 0x000000070f500000, 0x000000070f500000| Untracked 
| 232|0x000000070f600000, 0x000000070f600000, 0x000000070f700000|  0%| F|  |TAMS 0x000000070f600000, 0x000000070f600000| Untracked 
| 233|0x000000070f700000, 0x000000070f700000, 0x000000070f800000|  0%| F|  |TAMS 0x000000070f700000, 0x000000070f700000| Untracked 
| 234|0x000000070f800000, 0x000000070f800000, 0x000000070f900000|  0%| F|  |TAMS 0x000000070f800000, 0x000000070f800000| Untracked 
| 235|0x000000070f900000, 0x000000070f900000, 0x000000070fa00000|  0%| F|  |TAMS 0x000000070f900000, 0x000000070f900000| Untracked 
| 236|0x000000070fa00000, 0x000000070fa00000, 0x000000070fb00000|  0%| F|  |TAMS 0x000000070fa00000, 0x000000070fa00000| Untracked 
| 237|0x000000070fb00000, 0x000000070fb00000, 0x000000070fc00000|  0%| F|  |TAMS 0x000000070fb00000, 0x000000070fb00000| Untracked 
| 238|0x000000070fc00000, 0x000000070fc00000, 0x000000070fd00000|  0%| F|  |TAMS 0x000000070fc00000, 0x000000070fc00000| Untracked 
| 239|0x000000070fd00000, 0x000000070fd00000, 0x000000070fe00000|  0%| F|  |TAMS 0x000000070fd00000, 0x000000070fd00000| Untracked 
| 240|0x000000070fe00000, 0x000000070ff00000, 0x000000070ff00000|100%| S|CS|TAMS 0x000000070fe00000, 0x000000070fe00000| Complete 
| 241|0x000000070ff00000, 0x0000000710000000, 0x0000000710000000|100%| S|CS|TAMS 0x000000070ff00000, 0x000000070ff00000| Complete 
| 242|0x0000000710000000, 0x0000000710000000, 0x0000000710100000|  0%| F|  |TAMS 0x0000000710000000, 0x0000000710000000| Untracked 
| 243|0x0000000710100000, 0x0000000710100000, 0x0000000710200000|  0%| F|  |TAMS 0x0000000710100000, 0x0000000710100000| Untracked 
| 244|0x0000000710200000, 0x0000000710200000, 0x0000000710300000|  0%| F|  |TAMS 0x0000000710200000, 0x0000000710200000| Untracked 
| 245|0x0000000710300000, 0x0000000710300000, 0x0000000710400000|  0%| F|  |TAMS 0x0000000710300000, 0x0000000710300000| Untracked 
| 246|0x0000000710400000, 0x0000000710400000, 0x0000000710500000|  0%| F|  |TAMS 0x0000000710400000, 0x0000000710400000| Untracked 
| 247|0x0000000710500000, 0x0000000710500000, 0x0000000710600000|  0%| F|  |TAMS 0x0000000710500000, 0x0000000710500000| Untracked 
| 248|0x0000000710600000, 0x0000000710600000, 0x0000000710700000|  0%| F|  |TAMS 0x0000000710600000, 0x0000000710600000| Untracked 
| 249|0x0000000710700000, 0x0000000710700000, 0x0000000710800000|  0%| F|  |TAMS 0x0000000710700000, 0x0000000710700000| Untracked 
| 250|0x0000000710800000, 0x0000000710800000, 0x0000000710900000|  0%| F|  |TAMS 0x0000000710800000, 0x0000000710800000| Untracked 
| 251|0x0000000710900000, 0x0000000710a00000, 0x0000000710a00000|100%| E|  |TAMS 0x0000000710900000, 0x0000000710900000| Complete 
| 252|0x0000000710a00000, 0x0000000710b00000, 0x0000000710b00000|100%| E|CS|TAMS 0x0000000710a00000, 0x0000000710a00000| Complete 
| 253|0x0000000710b00000, 0x0000000710c00000, 0x0000000710c00000|100%| E|CS|TAMS 0x0000000710b00000, 0x0000000710b00000| Complete 
| 254|0x0000000710c00000, 0x0000000710d00000, 0x0000000710d00000|100%| E|CS|TAMS 0x0000000710c00000, 0x0000000710c00000| Complete 
| 255|0x0000000710d00000, 0x0000000710e00000, 0x0000000710e00000|100%| E|CS|TAMS 0x0000000710d00000, 0x0000000710d00000| Complete 

Card table byte_map: [0x000001c15d410000,0x000001c15dc10000] _byte_map_base: 0x000001c159c09000

Marking Bits (Prev, Next): (CMBitMap*) 0x000001c14594efe8, (CMBitMap*) 0x000001c14594f020
 Prev Bits: [0x000001c15e410000, 0x000001c1623d8000)
 Next Bits: [0x000001c1623e0000, 0x000001c1663a8000)

Polling page: 0x000001c143840000

Metaspace:

Usage:
  Non-class:     12.30 MB capacity,    12.14 MB ( 99%) used,   144.77 KB (  1%) free+waste,    15.00 KB ( <1%) overhead. 
      Class:      1.02 MB capacity,   977.14 KB ( 94%) used,    58.17 KB (  6%) free+waste,     5.69 KB ( <1%) overhead. 
       Both:     13.31 MB capacity,    13.10 MB ( 98%) used,   202.95 KB (  1%) free+waste,    20.69 KB ( <1%) overhead. 

Virtual space:
  Non-class space:       14.00 MB reserved,      12.50 MB ( 89%) committed 
      Class space:        1.00 GB reserved,       1.13 MB ( <1%) committed 
             Both:        1.01 GB reserved,      13.63 MB (  1%) committed 

Chunk freelists:
   Non-Class:  10.00 KB
       Class:  1.88 KB
        Both:  11.88 KB

CodeHeap 'non-profiled nmethods': size=120064Kb used=262Kb max_used=262Kb free=119802Kb
 bounds [0x000001c1556d0000, 0x000001c155940000, 0x000001c15cc10000]
CodeHeap 'profiled nmethods': size=120000Kb used=1585Kb max_used=1585Kb free=118414Kb
 bounds [0x000001c14e1a0000, 0x000001c14e410000, 0x000001c1556d0000]
CodeHeap 'non-nmethods': size=5696Kb used=1473Kb max_used=1488Kb free=4223Kb
 bounds [0x000001c14dc10000, 0x000001c14de80000, 0x000001c14e1a0000]
 total_blobs=2025 nmethods=859 adapters=893
 compilation: enabled
              stopped_count=0, restarted_count=0
 full_count=0

Compilation events (10 events):
Event: 1.508 Thread 0x000001c169198000 nmethod 855 0x000001c14e32a090 code [0x000001c14e32a240, 0x000001c14e32a470]
Event: 1.508 Thread 0x000001c169198000  856       3       jdk.internal.jimage.BasicImageReader::getString (48 bytes)
Event: 1.508 Thread 0x000001c169198000 nmethod 856 0x000001c14e32a510 code [0x000001c14e32a780, 0x000001c14e32b280]
Event: 1.508 Thread 0x000001c169198000  857       3       jdk.internal.jimage.ImageStringsReader::stringFromByteBuffer (28 bytes)
Event: 1.509 Thread 0x000001c169198000 nmethod 857 0x000001c14e32b610 code [0x000001c14e32b800, 0x000001c14e32bc60]
Event: 1.509 Thread 0x000001c169198000  858       3       java.nio.ByteBuffer::arrayOffset (35 bytes)
Event: 1.509 Thread 0x000001c169198000 nmethod 858 0x000001c14e32be10 code [0x000001c14e32c000, 0x000001c14e32c340]
Event: 1.511 Thread 0x000001c1688e6800 nmethod 802 0x000001c155710090 code [0x000001c155710260, 0x000001c155710ca8]
Event: 1.511 Thread 0x000001c1688e6800  854       4       java.lang.reflect.Modifier::isStatic (13 bytes)
Event: 1.511 Thread 0x000001c1688e6800 nmethod 854 0x000001c155711110 code [0x000001c1557112a0, 0x000001c1557112f8]

GC Heap History (2 events):
Event: 1.457 GC heap before
{Heap before GC invocations=0 (full 0):
 garbage-first heap   total 262144K, used 14336K [0x0000000700e00000, 0x0000000800000000)
  region size 1024K, 14 young (14336K), 0 survivors (0K)
 Metaspace       used 12025K, capacity 12254K, committed 12544K, reserved 1060864K
  class space    used 920K, capacity 1008K, committed 1024K, reserved 1048576K
}
Event: 1.459 GC heap after
{Heap after GC invocations=1 (full 0):
 garbage-first heap   total 262144K, used 2585K [0x0000000700e00000, 0x0000000800000000)
  region size 1024K, 2 young (2048K), 2 survivors (2048K)
 Metaspace       used 12025K, capacity 12254K, committed 12544K, reserved 1060864K
  class space    used 920K, capacity 1008K, committed 1024K, reserved 1048576K
}

Deoptimization events (2 events):
Event: 0.116 Thread 0x000001c1458e9000 Uncommon trap: reason=unstable_if action=reinterpret pc=0x000001c1556d1878 method=java.lang.String.isLatin1()Z @ 10 c2
Event: 0.161 Thread 0x000001c1458e9000 Uncommon trap: reason=unstable_if action=reinterpret pc=0x000001c1556d4614 method=java.lang.String.isLatin1()Z @ 10 c2

Classes redefined (0 events):
No events

Internal exceptions (5 events):
Event: 0.187 Thread 0x000001c1458e9000 Exception <a 'java/lang/NoSuchMethodError'{0x000000071096c9d0}: java.lang.invoke.DelegatingMethodHandle$Holder.delegate(Ljava/lang/Object;Ljava/lang/Object;ILjava/lang/Object;)V> (0x000000071096c9d0) thrown at [t:/workspace/open/src/hotspot/share/interpre
Event: 0.188 Thread 0x000001c1458e9000 Exception <a 'java/lang/NoSuchMethodError'{0x0000000710973d80}: java.lang.invoke.DirectMethodHandle$Holder.invokeStaticInit(Ljava/lang/Object;Ljava/lang/Object;Ljava/lang/Object;)Ljava/lang/Object;> (0x0000000710973d80) thrown at [t:/workspace/open/src/ho
Event: 1.270 Thread 0x000001c1458e9000 Exception <a 'java/lang/NoSuchMethodError'{0x0000000710648958}: java.lang.invoke.Invokers$Holder.linkToTargetMethod(Ljava/lang/Object;IILjava/lang/Object;)Ljava/lang/Object;> (0x0000000710648958) thrown at [t:/workspace/open/src/hotspot/share/interpreter/
Event: 1.298 Thread 0x000001c1458e9000 Exception <a 'sun/nio/fs/WindowsException'{0x00000007106c5070}> (0x00000007106c5070) thrown at [t:/workspace/open/src/hotspot/share/prims/jni.cpp, line 615]
Event: 1.299 Thread 0x000001c1458e9000 Exception <a 'sun/nio/fs/WindowsException'{0x00000007106c5558}> (0x00000007106c5558) thrown at [t:/workspace/open/src/hotspot/share/prims/jni.cpp, line 615]

Events (10 events):
Event: 1.507 loading class org/lwjgl/system/APIUtil$Encoder
Event: 1.507 loading class org/lwjgl/system/APIUtil$Encoder done
Event: 1.509 loading class com/bwh/lwjglengine/graphics/Renderer
Event: 1.509 loading class com/bwh/lwjglengine/graphics/Renderer done
Event: 1.509 loading class com/bwh/lwjglengine/graphics/Mesh
Event: 1.509 loading class com/bwh/lwjglengine/graphics/Mesh done
Event: 1.509 loading class org/lwjgl/opengl/GL30C
Event: 1.509 loading class org/lwjgl/opengl/GL30C done
Event: 1.510 loading class org/lwjgl/opengl/GL21C
Event: 1.510 loading class org/lwjgl/opengl/GL21C done


Dynamic libraries:
0x00007ff7856a0000 - 0x00007ff7856e7000 	C:\Program Files\Java\jdk-11.0.2\bin\java.exe
0x00007ffb2c880000 - 0x00007ffb2ca61000 	C:\WINDOWS\SYSTEM32\ntdll.dll
0x00007ffb2ba40000 - 0x00007ffb2baf2000 	C:\WINDOWS\System32\KERNEL32.DLL
0x00007ffb29710000 - 0x00007ffb29983000 	C:\WINDOWS\System32\KERNELBASE.dll
0x00007ffb2b160000 - 0x00007ffb2b201000 	C:\WINDOWS\System32\ADVAPI32.dll
0x00007ffb2bb70000 - 0x00007ffb2bc0e000 	C:\WINDOWS\System32\msvcrt.dll
0x00007ffb2b290000 - 0x00007ffb2b2eb000 	C:\WINDOWS\System32\sechost.dll
0x00007ffb2bc10000 - 0x00007ffb2bd34000 	C:\WINDOWS\System32\RPCRT4.dll
0x00007ffb2b590000 - 0x00007ffb2b720000 	C:\WINDOWS\System32\USER32.dll
0x00007ffb28df0000 - 0x00007ffb28e10000 	C:\WINDOWS\System32\win32u.dll
0x00007ffb2bff0000 - 0x00007ffb2c018000 	C:\WINDOWS\System32\GDI32.dll
0x00007ffb29570000 - 0x00007ffb29702000 	C:\WINDOWS\System32\gdi32full.dll
0x00007ffb28d50000 - 0x00007ffb28def000 	C:\WINDOWS\System32\msvcp_win.dll
0x00007ffb28c50000 - 0x00007ffb28d4a000 	C:\WINDOWS\System32\ucrtbase.dll
0x00007ffb1a6c0000 - 0x00007ffb1a929000 	C:\WINDOWS\WinSxS\amd64_microsoft.windows.common-controls_6595b64144ccf1df_6.0.17134.590_none_fb3d9bff3069e088\COMCTL32.dll
0x00007ffb243e0000 - 0x00007ffb243ea000 	C:\WINDOWS\SYSTEM32\VERSION.dll
0x00007ffb2c0a0000 - 0x00007ffb2c3c2000 	C:\WINDOWS\System32\combase.dll
0x00007ffb299f0000 - 0x00007ffb29a6a000 	C:\WINDOWS\System32\bcryptPrimitives.dll
0x00007ffb2c3d0000 - 0x00007ffb2c3fd000 	C:\WINDOWS\System32\IMM32.DLL
0x00007ffb20420000 - 0x00007ffb20436000 	C:\Program Files\Java\jdk-11.0.2\bin\vcruntime140.dll
0x00007ffb0b030000 - 0x00007ffb0b0da000 	C:\Program Files\Java\jdk-11.0.2\bin\msvcp140.dll
0x00007ffad4060000 - 0x00007ffad4b87000 	C:\Program Files\Java\jdk-11.0.2\bin\server\jvm.dll
0x00007ffb2bf70000 - 0x00007ffb2bf78000 	C:\WINDOWS\System32\PSAPI.DLL
0x00007ffb22cd0000 - 0x00007ffb22cf3000 	C:\WINDOWS\SYSTEM32\WINMM.dll
0x00007ffb23be0000 - 0x00007ffb23c0a000 	C:\WINDOWS\SYSTEM32\WINMMBASE.dll
0x00007ffb28e10000 - 0x00007ffb28e59000 	C:\WINDOWS\System32\cfgmgr32.dll
0x00007ffb17e80000 - 0x00007ffb17e89000 	C:\WINDOWS\SYSTEM32\WSOCK32.dll
0x00007ffb2bb00000 - 0x00007ffb2bb6c000 	C:\WINDOWS\System32\WS2_32.dll
0x00007ffb28c10000 - 0x00007ffb28c21000 	C:\WINDOWS\System32\kernel.appcore.dll
0x00007ffb152a0000 - 0x00007ffb152b1000 	C:\Program Files\Java\jdk-11.0.2\bin\verify.dll
0x00007ffb1bd80000 - 0x00007ffb1bf49000 	C:\WINDOWS\SYSTEM32\DBGHELP.DLL
0x00007ffb153a0000 - 0x00007ffb153c9000 	C:\WINDOWS\SYSTEM32\dbgcore.DLL
0x00007ffb13310000 - 0x00007ffb13339000 	C:\Program Files\Java\jdk-11.0.2\bin\java.dll
0x00007ffb0f490000 - 0x00007ffb0f4bf000 	C:\Program Files\Java\jdk-11.0.2\bin\instrument.dll
0x00007ffb11ee0000 - 0x00007ffb11ef6000 	C:\Program Files\Java\jdk-11.0.2\bin\zip.dll
0x00007ffb25500000 - 0x00007ffb2550a000 	C:\Program Files\Java\jdk-11.0.2\bin\jimage.dll
0x00007ffb29d10000 - 0x00007ffb2b150000 	C:\WINDOWS\System32\SHELL32.dll
0x00007ffb2b3f0000 - 0x00007ffb2b499000 	C:\WINDOWS\System32\shcore.dll
0x00007ffb28e60000 - 0x00007ffb2956d000 	C:\WINDOWS\System32\windows.storage.dll
0x00007ffb2b2f0000 - 0x00007ffb2b341000 	C:\WINDOWS\System32\shlwapi.dll
0x00007ffb28c30000 - 0x00007ffb28c4f000 	C:\WINDOWS\System32\profapi.dll
0x00007ffb28b90000 - 0x00007ffb28bdc000 	C:\WINDOWS\System32\powrprof.dll
0x00007ffb28c00000 - 0x00007ffb28c0a000 	C:\WINDOWS\System32\FLTLIB.DLL
0x00007ffb0fc90000 - 0x00007ffb0fca9000 	C:\Program Files\Java\jdk-11.0.2\bin\net.dll
0x00007ffb1dc20000 - 0x00007ffb1dde9000 	C:\WINDOWS\SYSTEM32\urlmon.dll
0x00007ffb20110000 - 0x00007ffb201ed000 	C:\WINDOWS\SYSTEM32\WINHTTP.dll
0x00007ffb1d970000 - 0x00007ffb1dc15000 	C:\WINDOWS\SYSTEM32\iertutil.dll
0x00007ffb285e0000 - 0x00007ffb285eb000 	C:\WINDOWS\SYSTEM32\CRYPTBASE.DLL
0x00007ffb28410000 - 0x00007ffb28476000 	C:\WINDOWS\system32\mswsock.dll
0x00007ffb0f2d0000 - 0x00007ffb0f2e3000 	C:\Program Files\Java\jdk-11.0.2\bin\nio.dll
0x00007ffb1b600000 - 0x00007ffb1b61a000 	C:\Users\bwhet\AppData\Local\JetBrains\Toolbox\apps\IDEA-C\ch-0\183.5429.30\bin\breakgen64.dll
0x00007ffb0eff0000 - 0x00007ffb0f053000 	C:\Users\bwhet\AppData\Local\Temp\lwjglbwhet\3.2.1-build-12\lwjgl.dll
0x00007ffb0b730000 - 0x00007ffb0b78e000 	C:\Users\bwhet\AppData\Local\Temp\lwjglbwhet\3.2.1-build-12\glfw.dll
0x00007ffb26f80000 - 0x00007ffb27018000 	C:\WINDOWS\system32\uxtheme.dll
0x00007ffb0adf0000 - 0x00007ffb0ae33000 	C:\WINDOWS\SYSTEM32\dinput8.dll
0x00007ffae80e0000 - 0x00007ffae80f0000 	C:\WINDOWS\SYSTEM32\xinput1_4.dll
0x00007ffb289a0000 - 0x00007ffb289c7000 	C:\WINDOWS\SYSTEM32\DEVOBJ.dll
0x00007ffb10cf0000 - 0x00007ffb10d69000 	C:\WINDOWS\SYSTEM32\inputhost.dll
0x00007ffb26910000 - 0x00007ffb269ea000 	C:\WINDOWS\SYSTEM32\CoreMessaging.dll
0x00007ffb24ef0000 - 0x00007ffb2503d000 	C:\WINDOWS\SYSTEM32\wintypes.dll
0x00007ffb1ebc0000 - 0x00007ffb1eede000 	C:\WINDOWS\SYSTEM32\CoreUIComponents.dll
0x00007ffb27c80000 - 0x00007ffb27cb1000 	C:\WINDOWS\SYSTEM32\ntmarta.dll
0x00007ffb27260000 - 0x00007ffb27289000 	C:\WINDOWS\SYSTEM32\dwmapi.dll
0x00007ffb2b8c0000 - 0x00007ffb2ba33000 	C:\WINDOWS\System32\MSCTF.dll
0x00007ffb2bd40000 - 0x00007ffb2be03000 	C:\WINDOWS\System32\OLEAUT32.dll
0x00007ffb278c0000 - 0x00007ffb278cc000 	C:\WINDOWS\SYSTEM32\HID.DLL
0x00007ffb2c400000 - 0x00007ffb2c84b000 	C:\WINDOWS\System32\SETUPAPI.DLL
0x00007ffb29990000 - 0x00007ffb299e7000 	C:\WINDOWS\System32\WINTRUST.dll
0x00007ffb28be0000 - 0x00007ffb28bf2000 	C:\WINDOWS\System32\MSASN1.dll
0x00007ffb29b20000 - 0x00007ffb29d02000 	C:\WINDOWS\System32\CRYPT32.dll
0x00007ffb096e0000 - 0x00007ffb09800000 	C:\WINDOWS\SYSTEM32\opengl32.dll
0x00007ffb15370000 - 0x00007ffb1539c000 	C:\WINDOWS\SYSTEM32\GLU32.dll
0x0000000052000000 - 0x0000000054689000 	C:\WINDOWS\System32\DriverStore\FileRepository\nv_dispi.inf_amd64_5db32447b43ce666\nvoglv64.dll
0x00007ffb2be10000 - 0x00007ffb2bf61000 	C:\WINDOWS\System32\ole32.dll
0x00007ffb24a50000 - 0x00007ffb24a63000 	C:\WINDOWS\SYSTEM32\WTSAPI32.dll
0x00007ffae9cd0000 - 0x00007ffae9f96000 	C:\WINDOWS\system32\nvspcap64.dll
0x00007ffb27cf0000 - 0x00007ffb27d46000 	C:\WINDOWS\SYSTEM32\WINSTA.dll
0x00007ffb10db0000 - 0x00007ffb10e46000 	C:\WINDOWS\System32\TextInputFramework.dll
0x00007ffb09e20000 - 0x00007ffb09e78000 	C:\Users\bwhet\AppData\Local\Temp\lwjglbwhet\3.2.1-build-12\lwjgl_opengl.dll

dbghelp: loaded successfully - version: 4.0.5 - missing functions: none
symbol engine: initialized successfully - sym options: 0x614 - pdb path: .;C:\Program Files\Java\jdk-11.0.2\bin;C:\WINDOWS\SYSTEM32;C:\WINDOWS\WinSxS\amd64_microsoft.windows.common-controls_6595b64144ccf1df_6.0.17134.590_none_fb3d9bff3069e088;C:\Program Files\Java\jdk-11.0.2\bin\server;C:\Users\bwhet\AppData\Local\JetBrains\Toolbox\apps\IDEA-C\ch-0\183.5429.30\bin;C:\Users\bwhet\AppData\Local\Temp\lwjglbwhet\3.2.1-build-12;C:\WINDOWS\System32\DriverStore\FileRepository\nv_dispi.inf_amd64_5db32447b43ce666

VM Arguments:
jvm_args: -javaagent:C:\Users\bwhet\AppData\Local\JetBrains\Toolbox\apps\IDEA-C\ch-0\183.5429.30\lib\idea_rt.jar=57029:C:\Users\bwhet\AppData\Local\JetBrains\Toolbox\apps\IDEA-C\ch-0\183.5429.30\bin -Dfile.encoding=UTF-8 
java_command: com.bwh.lwjglengine.Main
java_class_path (initial): C:\Users\bwhet\workspace\lwjglengine\target\classes;C:\Users\bwhet\.m2\repository\org\lwjgl\lwjgl\3.2.1\lwjgl-3.2.1.jar;C:\Users\bwhet\.m2\repository\org\lwjgl\lwjgl-assimp\3.2.1\lwjgl-assimp-3.2.1.jar;C:\Users\bwhet\.m2\repository\org\lwjgl\lwjgl-bgfx\3.2.1\lwjgl-bgfx-3.2.1.jar;C:\Users\bwhet\.m2\repository\org\lwjgl\lwjgl-glfw\3.2.1\lwjgl-glfw-3.2.1.jar;C:\Users\bwhet\.m2\repository\org\lwjgl\lwjgl-nanovg\3.2.1\lwjgl-nanovg-3.2.1.jar;C:\Users\bwhet\.m2\repository\org\lwjgl\lwjgl-nuklear\3.2.1\lwjgl-nuklear-3.2.1.jar;C:\Users\bwhet\.m2\repository\org\lwjgl\lwjgl-openal\3.2.1\lwjgl-openal-3.2.1.jar;C:\Users\bwhet\.m2\repository\org\lwjgl\lwjgl-opengl\3.2.1\lwjgl-opengl-3.2.1.jar;C:\Users\bwhet\.m2\repository\org\lwjgl\lwjgl-par\3.2.1\lwjgl-par-3.2.1.jar;C:\Users\bwhet\.m2\repository\org\lwjgl\lwjgl-stb\3.2.1\lwjgl-stb-3.2.1.jar;C:\Users\bwhet\.m2\repository\org\lwjgl\lwjgl-vulkan\3.2.1\lwjgl-vulkan-3.2.1.jar;C:\Users\bwhet\.m2\repository\org\lwjgl\lwjgl\3.2.1\lwjgl-3.2.1-natives-windows.jar;C:\Users\bwhet\.m2\repository\org\lwjgl\lwjgl-assimp\3.2.1\lwjgl-assimp-3.2.1-natives-windows.jar;C:\Users\bwhet\.m2\repository\org\lwjgl\lwjgl-bgfx\3.2.1\lwjgl-bgfx-3.2.1-natives-windows.jar;C:\Users\bwhet\.m2\repository\org\lwjgl\lwjgl-glfw\3.2.1\lwjgl-glfw-3.2.1-natives-windows.jar;C:\Users\bwhet\.m2\repository\org\lwjgl\lwjgl-nanovg\3.2.1\lwjgl-nanovg-3.2.1-natives-windows.jar;C:\Users\bwhet\.m2\repository\org\lwjgl\lwjgl-nuklear\3.2.1\lwjgl-nuklear-3.2.1-natives-windows.jar;C:\Users\bwhet\.m2\repository\org\lwjgl\lwjgl-openal\3.2.1\lwjgl-openal-3.2.1-natives-windows.jar;C:\Users\bwhet\.m2\repository\org\lwjgl\lwjgl-opengl\3.2.1\lwjgl-opengl-3.2.1-natives-windows.jar;C:\Users\bwhet\.m2\repository\org\lwjgl\lwjgl-par\3.2.1\lwjgl-par-3.2.1-natives-windows.jar;C:\Users\bwhet\.m2\repository\org\lwjgl\lwjgl-stb\3.2.1\lwjgl-stb-3.2.1-natives-windows.jar;C:\Users\bwhet\.m2\repository\org\joml\joml\1.9.13\joml-1.9.13.jar
Launcher Type: SUN_STANDARD

[Global flags]
     intx CICompilerCount                          = 3                                         {product} {ergonomic}
     uint ConcGCThreads                            = 1                                         {product} {ergonomic}
     uint G1ConcRefinementThreads                  = 4                                         {product} {ergonomic}
   size_t G1HeapRegionSize                         = 1048576                                   {product} {ergonomic}
    uintx GCDrainStackTargetSize                   = 64                                        {product} {ergonomic}
   size_t InitialHeapSize                          = 268435456                                 {product} {ergonomic}
   size_t MarkStackSize                            = 4194304                                   {product} {ergonomic}
   size_t MaxHeapSize                              = 4280287232                                {product} {ergonomic}
   size_t MaxNewSize                               = 2567962624                                {product} {ergonomic}
   size_t MinHeapDeltaBytes                        = 1048576                                   {product} {ergonomic}
    uintx NonNMethodCodeHeapSize                   = 5830092                                {pd product} {ergonomic}
    uintx NonProfiledCodeHeapSize                  = 122914074                              {pd product} {ergonomic}
    uintx ProfiledCodeHeapSize                     = 122914074                              {pd product} {ergonomic}
    uintx ReservedCodeCacheSize                    = 251658240                              {pd product} {ergonomic}
     bool SegmentedCodeCache                       = true                                      {product} {ergonomic}
     bool UseCompressedClassPointers               = true                                 {lp64_product} {ergonomic}
     bool UseCompressedOops                        = true                                 {lp64_product} {ergonomic}
     bool UseG1GC                                  = true                                      {product} {ergonomic}
     bool UseLargePagesIndividualAllocation        = false                                  {pd product} {ergonomic}

Logging:
Log output configuration:
 #0: stdout all=warning uptime,level,tags
 #1: stderr all=off uptime,level,tags

Environment Variables:
PATH=C:\Program Files\Haskell\bin;C:\Program Files\Haskell Platform\8.4.3\lib\extralibs\bin;C:\Program Files\Haskell Platform\8.4.3\bin;C:\Program Files (x86)\Razer Chroma SDK\bin;C:\Program Files\Razer Chroma SDK\bin;C:\ProgramData\Oracle\Java\javapath;C:\WINDOWS\system32;C:\WINDOWS;C:\WINDOWS\System32\Wbem;C:\WINDOWS\System32\WindowsPowerShell\v1.0\;C:\Program Files (x86)\NVIDIA Corporation\PhysX\Common;C:\Program Files\WorldPainter;C:\Users\bwhet\.dnx\bin;C:\Program Files\Microsoft DNX\Dnvm\;C:\Program Files\Microsoft SQL Server\130\Tools\Binn\;C:\Program Files\LLVM\bin;C:\Users\bwhet\AppData\Local\Microsoft\WindowsApps;C:\MinGW\bin;C:\Users\bwhet\AppData\Local\atom\bin;%cygwin%\bin;C:\Program Files (x86)\Microsoft VS Code\bin;C:\Users\bwhet\AppData\Roaming\npm;C:\Program Files\R\R-3.3.3\bin;C:\Users\bwhet\AppData\Local\Programs\Python\Python36-32\;C:\WINDOWS\system32;C:\WINDOWS;C:\WINDOWS\System32\Wbem;C:\WINDOWS\System32\WindowsPowerShell\v1.0\;C:\Program Files\MATLAB\R2017b\bin;C:\Program Files (x86)\FDK\Tools\win;C:\Program Files\Git\cmd;C:\WINDOWS\System32\OpenSSH\;C:\Program Files\Haskell Platform\8.4.3\mingw\bin;C:\Program Files\nodejs\;C:\Program Files\dotnet\;C:\Program Files\NVIDIA Corporation\NVIDIA NvDLISR;C:\Users\bwhet\AppData\Roaming\cabal\bin;C:\Users\bwhet\AppData\Roaming\local\bin;C:\Users\bwhet\.cargo\bin;C:\Users\bwhet\AppData\Local\Microsoft\WindowsApps;C:\MinGW\bin;C:\Users\bwhet\AppData\Local\atom\bin;%cygwin%\bin;C:\Program Files\R\R-3.3.3\bin;C:\Users\bwhet\AppData\Local\Programs\Python\Python36-32\;C:\Users\bwhet\AppData\Local\Microsoft\WindowsApps;C:\Program Files\Microsoft VS Code\bin;C:\Program Files (x86)\platform-tools;C:\Users\bwhet\AppData\Roaming\npm;C:\Program Files\heroku\bin;C:\Users\bwhet\AppData\Local\Programs\Microsoft VS Code\bin
USERNAME=bwhet
OS=Windows_NT
PROCESSOR_IDENTIFIER=Intel64 Family 6 Model 60 Stepping 3, GenuineIntel



---------------  S Y S T E M  ---------------

OS: Windows 10 , 64 bit Build 17134 (10.0.17134.556)

CPU:total 4 (initial active 4) (4 cores per cpu, 1 threads per core) family 6 model 60 stepping 3, cmov, cx8, fxsr, mmx, sse, sse2, sse3, ssse3, sse4.1, sse4.2, popcnt, avx, avx2, aes, clmul, erms, lzcnt, tsc, tscinvbit, bmi1, bmi2, fma

Memory: 4k page, system-wide physical 16325M (6801M free)
TotalPageFile size 32197M (AvailPageFile size 14751M)
current process WorkingSet (physical memory assigned to process): 104M, peak: 104M
current process commit charge ("private bytes"): 379M, peak: 379M

vm_info: Java HotSpot(TM) 64-Bit Server VM (11.0.2+9-LTS) for windows-amd64 JRE (11.0.2+9-LTS), built on Jan 18 2019 05:24:10 by "mach5one" with MS VC++ 15.5 (VS2017)

END.
